This is pdfTeX, Version 3.141592653-2.6-1.40.26 (MiKTeX 24.4) (preloaded format=pdflatex 2024.11.6)  9 DEC 2024 17:59
entering extended mode
 restricted \write18 enabled.
 file:line:error style messages enabled.
 %&-line parsing enabled.
**c:/git/TCC/tex/main.tex
(c:/git/TCC/tex/main.tex
LaTeX2e <2024-11-01>
L3 programming layer <2024-10-09>
(C:\Users\Gustavo\AppData\Local\Programs\MiKTeX\tex/latex/abntex2\abntex2.cls
Document Class: abntex2 2018/11/24 v-1.9.7 abnTeX2
(C:\Users\Gustavo\AppData\Local\Programs\MiKTeX\tex/latex/base\ifthen.sty
Package: ifthen 2024/03/16 v1.1e Standard LaTeX ifthen package (DPC)
) (C:\Users\Gustavo\AppData\Local\Programs\MiKTeX\tex/latex/memoir\memoir.cls
Document Class: memoir 2024/01/26 v3.8.2 configurable book, report, article document class
(C:\Users\Gustavo\AppData\Local\Programs\MiKTeX\tex/latex/xpatch\xpatch.sty (C:\Users\Gustavo\AppData\Local\Programs\MiKTeX\tex/latex/l3kernel\expl3.sty
Package: expl3 2024-10-09 L3 programming layer (loader) 
 (C:\Users\Gustavo\AppData\Local\Programs\MiKTeX\tex/latex/l3backend\l3backend-pdftex.def
File: l3backend-pdftex.def 2024-05-08 L3 backend support: PDF output (pdfTeX)
\l__color_backend_stack_int=\count196
\l__pdf_internal_box=\box52
))
Package: xpatch 2020/03/25 v0.3a Extending etoolbox patching commands
 (C:\Users\Gustavo\AppData\Local\Programs\MiKTeX\tex/latex/l3packages/xparse\xparse.sty
Package: xparse 2024-08-16 L3 Experimental document command parser
) (C:\Users\Gustavo\AppData\Local\Programs\MiKTeX\tex/latex/etoolbox\etoolbox.sty
Package: etoolbox 2020/10/05 v2.5k e-TeX tools for LaTeX (JAW)
\etb@tempcnta=\count197
))
\onelineskip=\skip49
\lxvchars=\skip50
\xlvchars=\skip51
\@memcnta=\count198
\c@@memmarkcntra=\count199
 (C:\Users\Gustavo\AppData\Local\Programs\MiKTeX\tex/generic/iftex\iftex.sty
Package: iftex 2022/02/03 v1.0f TeX engine tests
)
\trimtop=\skip52
\trimedge=\skip53
 (C:\Users\Gustavo\AppData\Local\Programs\MiKTeX\tex/latex/memoir\mem12.clo
File: mem12.clo 2022/07/29 v0.5 memoir class 12pt size option
)
\binding=\skip54
\spinemargin=\skip55
\foremargin=\skip56
\uppermargin=\skip57
\lowermargin=\skip58
\headdrop=\skip59
\normalrulethickness=\skip60
\mem@maxheadheight=\skip61
\mem@maxfootheight=\skip62
\headwidth=\skip63
\c@storedpagenumber=\count266
\memPD=\dimen141
\m@mabparskip=\skip64
\thanksmarkwidth=\skip65
\thanksmarksep=\skip66
\droptitle=\skip67
\c@book=\count267
\c@part=\count268
\c@chapter=\count269
\c@section=\count270
\c@subsection=\count271
\c@subsubsection=\count272
\c@paragraph=\count273
\c@subparagraph=\count274
\beforechapskip=\skip68
\midchapskip=\skip69
\afterchapskip=\skip70
\chapindent=\skip71
\bottomsectionskip=\skip72
\secindent=\skip73
\beforesecskip=\skip74
\aftersecskip=\skip75
\subsecindent=\skip76
\beforesubsecskip=\skip77
\aftersubsecskip=\skip78
\subsubsecindent=\skip79
\beforesubsubsecskip=\skip80
\aftersubsubsecskip=\skip81
\paraindent=\skip82
\beforeparaskip=\skip83
\afterparaskip=\skip84
\subparaindent=\skip85
\beforesubparaskip=\skip86
\aftersubparaskip=\skip87
\pfbreakskip=\skip88
\c@@ppsavesec=\count275
\c@@ppsaveapp=\count276
\ragrparindent=\dimen142
\everylistparindent=\dimen143
\parsepi=\skip89
\topsepi=\skip90
\itemsepi=\skip91
\parsepii=\skip92
\topsepii=\skip93
\topsepiii=\skip94
\itemsepii=\skip95
\itemsepiii=\skip96
\partopsepii=\skip97
\partopsepiii=\skip98
\m@msavetopsep=\skip99
\m@msavepartopsep=\skip100
\@enLab=\toks17
\abstitleskip=\skip101
\absleftindent=\skip102
\abs@leftindent=\dimen144
\absrightindent=\skip103
\absparindent=\skip104
\absparsep=\skip105
\c@vslineno=\count277
\c@poemline=\count278
\c@modulo@vs=\count279
\c@memfvsline=\count280
\vleftskip=\skip106
\vrightskip=\skip107
\stanzaskip=\skip108
\versewidth=\skip109
\vgap=\skip110
\vindent=\skip111
\vleftmargin=\dimen145
\c@verse=\count281
\c@chrsinstr=\count282
\beforepoemtitleskip=\skip112
\afterpoemtitleskip=\skip113
\c@poem=\count283
\beforePoemTitleskip=\skip114
\midPoemTitleskip=\skip115
\afterPoemTitleskip=\skip116
 (C:\Users\Gustavo\AppData\Local\Programs\MiKTeX\tex/latex/tools\array.sty
Package: array 2024/10/17 v2.6g Tabular extension package (FMi)
\col@sep=\dimen146
\ar@mcellbox=\box53
\extrarowheight=\dimen147
\NC@list=\toks18
\extratabsurround=\skip117
\backup@length=\skip118
\ar@cellbox=\box54
) (C:\Users\Gustavo\AppData\Local\Programs\MiKTeX\tex/latex/tools\dcolumn.sty
Package: dcolumn 2023/07/08 v1.06 decimal alignment package (DPC)
) (C:\Users\Gustavo\AppData\Local\Programs\MiKTeX\tex/latex/tools\delarray.sty
Package: delarray 2014/10/28 v1.01 array delimiter package (DPC)
) (C:\Users\Gustavo\AppData\Local\Programs\MiKTeX\tex/latex/tools\tabularx.sty
Package: tabularx 2023/12/11 v2.12a `tabularx' package (DPC)
\TX@col@width=\dimen148
\TX@old@table=\dimen149
\TX@old@col=\dimen150
\TX@target=\dimen151
\TX@delta=\dimen152
\TX@cols=\count284
\TX@ftn=\toks19
) (C:\Users\Gustavo\AppData\Local\Programs\MiKTeX\tex/latex/booktabs\booktabs.sty
Package: booktabs 2020/01/12 v1.61803398 Publication quality tables
\heavyrulewidth=\dimen153
\lightrulewidth=\dimen154
\cmidrulewidth=\dimen155
\belowrulesep=\dimen156
\belowbottomsep=\dimen157
\aboverulesep=\dimen158
\abovetopsep=\dimen159
\cmidrulesep=\dimen160
\cmidrulekern=\dimen161
\defaultaddspace=\dimen162
\@cmidla=\count285
\@cmidlb=\count286
\@aboverulesep=\dimen163
\@belowrulesep=\dimen164
\@thisruleclass=\count287
\@lastruleclass=\count288
\@thisrulewidth=\dimen165
)
\ctableftskip=\skip119
\ctabrightskip=\skip120
\abovecolumnspenalty=\count289
\@linestogo=\count290
\@cellstogo=\count291
\@cellsincolumn=\count292
\crtok=\toks20
\@mincolumnwidth=\dimen166
\c@newflo@tctr=\count293
\mem@margin@floatbox=\box55
\@contcwidth=\skip121
\@contindw=\skip122
\abovecaptionskip=\skip123
\belowcaptionskip=\skip124
\subfloattopskip=\skip125
\subfloatcapskip=\skip126
\subfloatcaptopadj=\skip127
\subfloatbottomskip=\skip128
\subfloatlabelskip=\skip129
\subfloatcapmargin=\dimen167
\c@@contsubnum=\count294
\m@mscap@capbox=\box56
\m@mscap@fbox=\box57
\sidecapsep=\dimen168
\sidecapwidth=\dimen169
\m@m@tempdima=\dimen170
\m@mscapraise=\dimen171
\sidecapraise=\dimen172
\m@mscapmainwidth=\dimen173
\m@mscaplkern=\dimen174
\beforeepigraphskip=\skip130
\afterepigraphskip=\skip131
\epigraphwidth=\skip132
\epigraphrule=\skip133
LaTeX Info: Redefining \em on input line 6932.
LaTeX Info: Redefining \emph on input line 6940.
 (C:\Users\Gustavo\AppData\Local\Programs\MiKTeX\tex/latex/hyperref\nameref.sty
Package: nameref 2023-11-26 v2.56 Cross-referencing by name of section
 (C:\Users\Gustavo\AppData\Local\Programs\MiKTeX\tex/latex/refcount\refcount.sty
Package: refcount 2019/12/15 v3.6 Data extraction from label references (HO)
 (C:\Users\Gustavo\AppData\Local\Programs\MiKTeX\tex/generic/ltxcmds\ltxcmds.sty
Package: ltxcmds 2023-12-04 v1.26 LaTeX kernel commands for general use (HO)
) (C:\Users\Gustavo\AppData\Local\Programs\MiKTeX\tex/generic/infwarerr\infwarerr.sty
Package: infwarerr 2019/12/03 v1.5 Providing info/warning/error messages (HO)
)) (C:\Users\Gustavo\AppData\Local\Programs\MiKTeX\tex/generic/gettitlestring\gettitlestring.sty
Package: gettitlestring 2019/12/15 v1.6 Cleanup title references (HO)
 (C:\Users\Gustavo\AppData\Local\Programs\MiKTeX\tex/latex/kvoptions\kvoptions.sty
Package: kvoptions 2022-06-15 v3.15 Key value format for package options (HO)
 (C:\Users\Gustavo\AppData\Local\Programs\MiKTeX\tex/latex/graphics\keyval.sty
Package: keyval 2022/05/29 v1.15 key=value parser (DPC)
\KV@toks@=\toks21
) (C:\Users\Gustavo\AppData\Local\Programs\MiKTeX\tex/latex/kvsetkeys\kvsetkeys.sty
Package: kvsetkeys 2022-10-05 v1.19 Key value parser (HO)
)))
\c@section@level=\count295
)
\tocentryskip=\skip134
\tocbaseline=\skip135
\cftparskip=\skip136
\cftbeforebookskip=\skip137
\cftbookindent=\dimen175
\cftbooknumwidth=\dimen176
\cftbeforepartskip=\skip138
\cftpartindent=\skip139
\cftpartnumwidth=\skip140
\cftbeforechapterskip=\skip141
\cftchapterindent=\skip142
\cftchapternumwidth=\skip143
\cftbeforesectionskip=\skip144
\cftsectionindent=\skip145
\cftsectionnumwidth=\skip146
\cftbeforesubsectionskip=\skip147
\cftsubsectionindent=\skip148
\cftsubsectionnumwidth=\skip149
\cftbeforesubsubsectionskip=\skip150
\cftsubsubsectionindent=\skip151
\cftsubsubsectionnumwidth=\skip152
\cftbeforeparagraphskip=\skip153
\cftparagraphindent=\skip154
\cftparagraphnumwidth=\skip155
\cftbeforesubparagraphskip=\skip156
\cftsubparagraphindent=\skip157
\cftsubparagraphnumwidth=\skip158
\prechapterprecisshift=\dimen177
\c@maxsecnumdepth=\count296
\bibindent=\dimen178
\bibitemsep=\skip159
\indexcolsep=\skip160
\indexrule=\skip161
\indexmarkstyle=\toks22
\@indexbox=\insert252
LaTeX Info: Redefining \raggedbottom on input line 7935.
LaTeX Info: Redefining \flushbottom on input line 7939.
\glossarycolsep=\dimen179
\glossaryrule=\dimen180
\sideparvshift=\skip162
\sideins=\insert251
\sidebartopsep=\skip163
\sidebarhsep=\skip164
\sidebarvsep=\skip165
\sidebarwidth=\skip166
\footmarkwidth=\skip167
\footmarksep=\skip168
\footparindent=\skip169
\footinsdim=\skip170
\footinsv@r=\insert250
\@mpfootinsv@r=\insert249
\m@m@k=\count297
\m@m@h=\dimen181
\m@mipn@skip=\skip171
\sidefootins=\insert248
\sidefootadjust=\skip172
\sidefootheight=\skip173
\sidefoothsep=\skip174
\sidefootvsep=\skip175
\sidefootwidth=\skip176
\m@mdownsf=\skip177
\c@sidefootnote=\count298
\sidefootmarkwidth=\skip178
\sidefootmarksep=\skip179
\sidefootparindent=\skip180
\c@pagenote=\count299
\c@pagenoteshadow=\count300
\mem@pn@lastkern=\skip181
 (C:\Users\Gustavo\AppData\Local\Programs\MiKTeX\tex/latex/tools\verbatim.sty
Package: verbatim 2024-01-22 v1.5x LaTeX2e package for verbatim enhancements
\every@verbatim=\toks23
\verbatim@line=\toks24
\verbatim@in@stream=\read2
)
\verbatimindent=\skip182
\verbatim@out=\write3
 (C:\Users\Gustavo\AppData\Local\Programs\MiKTeX\tex/latex/base\shortvrb.sty
Package: shortvrb 2024/10/23 v3.0q Standard LaTeX documentation package V3 (FMi)
)
\bvboxsep=\skip183
\c@memfbvline=\count301
\c@bvlinectr=\count302
\bvnumlength=\skip184
\fb@frw=\dimen182
\fb@frh=\dimen183
\FrameRule=\dimen184
\FrameSep=\dimen185
\c@cp@cntr=\count303
\c@ism@mctr=\count304
\c@xsm@mctr=\count305
\c@csm@mctr=\count306
\c@ksm@mctr=\count307
\c@xksm@mctr=\count308
\c@cksm@mctr=\count309
\c@msm@mctr=\count310
\c@xmsm@mctr=\count311
\c@cmsm@mctr=\count312
\c@bsm@mctr=\count313
\c@workm@mctr=\count314
\c@sheetsequence=\count315
\c@lastsheet=\count316
\c@lastpage=\count317
 (C:\Users\Gustavo\AppData\Local\Programs\MiKTeX\tex/latex/textcase\textcase.sty
Package: textcase 2023/07/27 v1.04 Text only upper/lower case changing (DPC)
Package textcase Info: Defining Legacy names on input line 20.
)
\c@figure=\count318
\c@lofdepth=\count319
\cftbeforefigureskip=\skip185
\cftfigureindent=\skip186
\cftfigurenumwidth=\skip187
\c@table=\count320
\c@lotdepth=\count321
\cftbeforetableskip=\skip188
\cfttableindent=\skip189
\cfttablenumwidth=\skip190
Package abstract [2008/07/23] emulated by memoir.
Package appendix [2008/07/23] emulated by memoir.
Package ccaption [2008/07/23] emulated by memoir.
Package changepage [2008/07/23] emulated by memoir.
Package chngcntr [2008/07/23] emulated by memoir.
Package chngpage [2008/07/23] emulated by memoir.
Package crop emulated by memoir.
Package enumerate [2008/07/23] emulated by memoir.
Package epigraph [2008/07/23] emulated by memoir.
Package ifmtarg [2008/07/23] emulated by memoir.
Package index [2008/07/23] emulated by memoir.
Package makeidx [2008/07/23] emulated by memoir.
Package moreverb [2008/07/23] emulated by memoir.
Package needspace [2008/07/23] emulated by memoir.
Package newfile [2008/07/23] emulated by memoir.
Package nextpage [2008/07/23] emulated by memoir.
Package pagenote [2008/07/23] emulated by memoir.
Package parskip [2008/07/23] emulated by memoir.
Package patchcmd [2008/07/23] emulated by memoir.
Package setspace [2008/07/23] emulated by memoir.
Package shortvrb [2008/07/23] emulated by memoir.
Package showidx [2008/07/23] emulated by memoir.
Package titleref [2008/07/23] emulated by memoir.
Package titling [2008/07/23] emulated by memoir.
Package tocbibind [2008/07/23] emulated by memoir.
Package tocloft [2008/07/23] emulated by memoir.
Package tocvsec2 [2008/07/23] emulated by memoir.
Package verbatim [2008/07/23] emulated by memoir.
Package verse [2008/07/23] emulated by memoir.
) (C:\Users\Gustavo\AppData\Local\Programs\MiKTeX\tex/latex/hyperref\hyperref.sty
Package: hyperref 2024-10-30 v7.01k Hypertext links for LaTeX
 (C:\Users\Gustavo\AppData\Local\Programs\MiKTeX\tex/generic/kvdefinekeys\kvdefinekeys.sty
Package: kvdefinekeys 2019-12-19 v1.6 Define keys (HO)
) (C:\Users\Gustavo\AppData\Local\Programs\MiKTeX\tex/generic/pdfescape\pdfescape.sty
Package: pdfescape 2019/12/09 v1.15 Implements pdfTeX's escape features (HO)
 (C:\Users\Gustavo\AppData\Local\Programs\MiKTeX\tex/generic/pdftexcmds\pdftexcmds.sty
Package: pdftexcmds 2020-06-27 v0.33 Utility functions of pdfTeX for LuaTeX (HO)
Package pdftexcmds Info: \pdf@primitive is available.
Package pdftexcmds Info: \pdf@ifprimitive is available.
Package pdftexcmds Info: \pdfdraftmode found.
)) (C:\Users\Gustavo\AppData\Local\Programs\MiKTeX\tex/latex/hycolor\hycolor.sty
Package: hycolor 2020-01-27 v1.10 Color options for hyperref/bookmark (HO)
) (C:\Users\Gustavo\AppData\Local\Programs\MiKTeX\tex/generic/stringenc\stringenc.sty
Package: stringenc 2019/11/29 v1.12 Convert strings between diff. encodings (HO)
)
\@linkdim=\dimen186
\Hy@linkcounter=\count322
\Hy@pagecounter=\count323
 (C:\Users\Gustavo\AppData\Local\Programs\MiKTeX\tex/latex/hyperref\pd1enc.def
File: pd1enc.def 2024-10-30 v7.01k Hyperref: PDFDocEncoding definition (HO)
Now handling font encoding PD1 ...
... no UTF-8 mapping file for font encoding PD1
) (C:\Users\Gustavo\AppData\Local\Programs\MiKTeX\tex/generic/intcalc\intcalc.sty
Package: intcalc 2019/12/15 v1.3 Expandable calculations with integers (HO)
)
\Hy@SavedSpaceFactor=\count324
 (C:\Users\Gustavo\AppData\Local\Programs\MiKTeX\tex/latex/hyperref\puenc.def
File: puenc.def 2024-10-30 v7.01k Hyperref: PDF Unicode definition (HO)
Now handling font encoding PU ...
... no UTF-8 mapping file for font encoding PU
)
Package hyperref Info: Hyper figures OFF on input line 4157.
Package hyperref Info: Link nesting OFF on input line 4162.
Package hyperref Info: Hyper index ON on input line 4165.
Package hyperref Info: Plain pages OFF on input line 4172.
Package hyperref Info: Backreferencing OFF on input line 4177.
Package hyperref Info: Implicit mode ON; LaTeX internals redefined.
Package hyperref Info: Bookmarks ON on input line 4424.
\c@Hy@tempcnt=\count325
 (C:\Users\Gustavo\AppData\Local\Programs\MiKTeX\tex/latex/url\url.sty
\Urlmuskip=\muskip17
Package: url 2013/09/16  ver 3.4  Verb mode for urls, etc.
)
LaTeX Info: Redefining \url on input line 4763.
\XeTeXLinkMargin=\dimen187
 (C:\Users\Gustavo\AppData\Local\Programs\MiKTeX\tex/generic/bitset\bitset.sty
Package: bitset 2019/12/09 v1.3 Handle bit-vector datatype (HO)
 (C:\Users\Gustavo\AppData\Local\Programs\MiKTeX\tex/generic/bigintcalc\bigintcalc.sty
Package: bigintcalc 2019/12/15 v1.5 Expandable calculations on big integers (HO)
))
\Fld@menulength=\count326
\Field@Width=\dimen188
\Fld@charsize=\dimen189
Package hyperref Info: Hyper figures OFF on input line 6042.
Package hyperref Info: Link nesting OFF on input line 6047.
Package hyperref Info: Hyper index ON on input line 6050.
Package hyperref Info: backreferencing OFF on input line 6057.
Package hyperref Info: Link coloring OFF on input line 6062.
Package hyperref Info: Link coloring with OCG OFF on input line 6067.
Package hyperref Info: PDF/A mode OFF on input line 6072.
 (C:\Users\Gustavo\AppData\Local\Programs\MiKTeX\tex/latex/base\atbegshi-ltx.sty
Package: atbegshi-ltx 2021/01/10 v1.0c Emulation of the original atbegshi
package with kernel methods
)
\Hy@abspage=\count327
\c@Item=\count328
\c@Hfootnote=\count329
)
Package hyperref Info: Driver (autodetected): hpdftex.
 (C:\Users\Gustavo\AppData\Local\Programs\MiKTeX\tex/latex/hyperref\hpdftex.def
File: hpdftex.def 2024-10-30 v7.01k Hyperref driver for pdfTeX
 (C:\Users\Gustavo\AppData\Local\Programs\MiKTeX\tex/latex/base\atveryend-ltx.sty
Package: atveryend-ltx 2020/08/19 v1.0a Emulation of the original atveryend package
with kernel methods
)
\Fld@listcount=\count330
\c@bookmark@seq@number=\count331
 (C:\Users\Gustavo\AppData\Local\Programs\MiKTeX\tex/latex/rerunfilecheck\rerunfilecheck.sty
Package: rerunfilecheck 2022-07-10 v1.10 Rerun checks for auxiliary files (HO)
 (C:\Users\Gustavo\AppData\Local\Programs\MiKTeX\tex/generic/uniquecounter\uniquecounter.sty
Package: uniquecounter 2019/12/15 v1.4 Provide unlimited unique counter (HO)
)
Package uniquecounter Info: New unique counter `rerunfilecheck' on input line 285.
)
\Hy@SectionHShift=\skip191
) (C:\Users\Gustavo\AppData\Local\Programs\MiKTeX\tex/latex/memoir\memhfixc.sty
Package: memhfixc 2023/09/10 v1.22 hyperref package fixes for memoir class
\c@memhycontfloat=\count332
\c@Hpagenote=\count333


LaTeX Warning: Command `\theHpagenote' already defined -- not changed on input line 315.

) (C:\Users\Gustavo\AppData\Local\Programs\MiKTeX\tex/latex/bookmark\bookmark.sty
Package: bookmark 2023-12-10 v1.31 PDF bookmarks (HO)
 (C:\Users\Gustavo\AppData\Local\Programs\MiKTeX\tex/latex/bookmark\bkm-pdftex.def
File: bkm-pdftex.def 2023-12-10 v1.31 bookmark driver for pdfTeX and luaTeX (HO)
\BKM@id=\count334
)) (C:\Users\Gustavo\AppData\Local\Programs\MiKTeX\tex/generic/babel\babel.sty
Package: babel 2024/10/20 v24.12 The multilingual framework for pdfLaTeX, LuaLaTeX and XeLaTeX
\babel@savecnt=\count335
\U@D=\dimen190
\l@unhyphenated=\language79
 (C:\Users\Gustavo\AppData\Local\Programs\MiKTeX\tex/generic/babel\txtbabel.def)
\bbl@readstream=\read3
\bbl@dirlevel=\count336

*************************************
* Local config file bblopts.cfg used
*
(C:\Users\Gustavo\AppData\Local\Programs\MiKTeX\tex/latex/arabi\bblopts.cfg
File: bblopts.cfg 2005/09/08 v0.1 add Arabic and Farsi to "declared" options of babel
) (C:\Users\Gustavo\AppData\Local\Programs\MiKTeX\tex/latex/babel-portuges\brazil.ldf
Language: portuges 2021/07/09 v1.2t Portuguese support from the babel system
Package babel Info: Hyphen rules for 'brazil' set to \l@portuguese
(babel)             (\language56). Reported on input line 111.
Package babel Info: Making " an active character on input line 143.
) (C:\Users\Gustavo\AppData\Local\Programs\MiKTeX\tex/latex/babel-english\english.ldf
Language: english 2017/06/06 v3.3r English support from the babel system
Package babel Info: Hyphen rules for 'canadian' set to \l@english
(babel)             (\language0). Reported on input line 102.
Package babel Info: Hyphen rules for 'australian' set to \l@ukenglish
(babel)             (\language73). Reported on input line 105.
Package babel Info: Hyphen rules for 'newzealand' set to \l@ukenglish
(babel)             (\language73). Reported on input line 108.
)

Package babel Warning: Last declared language option is 'brazil',
(babel)                but the last processed one was 'english'.
(babel)                The main language can't be set as both a global
(babel)                and a package option. Use 'main=brazil' as
(babel)                option. Reported on input line 4155.

) (C:\Users\Gustavo\AppData\Local\Programs\MiKTeX\tex/generic/babel/locale/en\babel-english.tex
Package babel Info: Importing font and identification data for english
(babel)             from babel-en.ini. Reported on input line 11.
) (C:\Users\Gustavo\AppData\Local\Programs\MiKTeX\tex/latex/enumitem\enumitem.sty
Package: enumitem 2019/06/20 v3.9 Customized lists
\labelindent=\skip192
\enit@outerparindent=\dimen191
\enit@toks=\toks25
\enit@inbox=\box58
\enit@count@id=\count337
\enitdp@description=\count338
) (C:\Users\Gustavo\AppData\Local\Programs\MiKTeX\tex/latex/tools\calc.sty
Package: calc 2023/07/08 v4.3 Infix arithmetic (KKT,FJ)
\calc@Acount=\count339
\calc@Bcount=\count340
\calc@Adimen=\dimen192
\calc@Bdimen=\dimen193
\calc@Askip=\skip193
\calc@Bskip=\skip194
LaTeX Info: Redefining \setlength on input line 80.
LaTeX Info: Redefining \addtolength on input line 81.
\calc@Ccount=\count341
\calc@Cskip=\skip195
)

******************************************************
Stock height and width: 845.04684pt by 597.50787pt
Top and edge trims: 0pt and 0pt
Page height and width: 845.04684pt by 597.50787pt
Text height and width: 708pt by 455pt
Spine and edge margins: 85.35826pt and 56.9055pt
Upper and lower margins: 85.35826pt and 51.68858pt
Headheight and headsep: 14.5pt and 19.8738pt
Footskip: 30pt
Columnsep and columnseprule: 10pt and 0pt
Marginparsep and marginparwidth: 7pt and 42.9055pt
Sidecapsep and sidecapwidth: 7pt and 42pt
Sidebarhsep and sidebarwidth: 7pt and 42pt
Sidebarvsep and sidebartopsep: 14.5pt and 0pt
Sidebarheight: 590.14995pt
Sidefoothsep and sidefootwidth: 7pt and 42pt
Sidefootvsep and sidefootheight: 14.5pt and 590.14995pt
******************************************************

\c@abntex@bookmarkcounter=\count342
\cftlastnumwidth=\skip196
\chapternamenumlength=\skip197
\ABNTEXcitacaorecuo=\skip198
\c@alineasi=\count343
\c@alineasii=\count344
\enitdp@alineas=\count345
\c@subalineasi=\count346
\enitdp@subalineas=\count347
\c@incisosi=\count348
\enitdp@incisos=\count349
\ABNTEXsignwidth=\skip199
\ABNTEXsignthickness=\skip256
\ABNTEXsignskip=\skip257
) (C:\Users\Gustavo\AppData\Local\Programs\MiKTeX\tex/latex/psnfss\times.sty
Package: times 2020/03/25 PSNFSS-v9.3 (SPQR) 
) (C:\Users\Gustavo\AppData\Local\Programs\MiKTeX\tex/latex/base\fontenc.sty
Package: fontenc 2021/04/29 v2.0v Standard LaTeX package
LaTeX Font Info:    Trying to load font information for T1+ptm on input line 116.
 (C:\Users\Gustavo\AppData\Local\Programs\MiKTeX\tex/latex/psnfss\t1ptm.fd
File: t1ptm.fd 2001/06/04 font definitions for T1/ptm.
)) (C:\Users\Gustavo\AppData\Local\Programs\MiKTeX\tex/latex/base\inputenc.sty
Package: inputenc 2024/02/08 v1.3d Input encoding file
\inpenc@prehook=\toks26
\inpenc@posthook=\toks27
) (C:\Users\Gustavo\AppData\Local\Programs\MiKTeX\tex/latex/tools\indentfirst.sty
Package: indentfirst 2023/07/02 v1.03 Indent first paragraph (DPC)
) (C:\Users\Gustavo\AppData\Local\Programs\MiKTeX\tex/latex/graphics\color.sty
Package: color 2024/06/23 v1.3e Standard LaTeX Color (DPC)
 (C:\Users\Gustavo\AppData\Local\Programs\MiKTeX\tex/latex/graphics-cfg\color.cfg
File: color.cfg 2016/01/02 v1.6 sample color configuration
)
Package color Info: Driver file: pdftex.def on input line 149.
 (C:\Users\Gustavo\AppData\Local\Programs\MiKTeX\tex/latex/graphics-def\pdftex.def
File: pdftex.def 2024/04/13 v1.2c Graphics/color driver for pdftex
) (C:\Users\Gustavo\AppData\Local\Programs\MiKTeX\tex/latex/graphics\mathcolor.ltx)) (C:\Users\Gustavo\AppData\Local\Programs\MiKTeX\tex/latex/graphics\graphicx.sty
Package: graphicx 2021/09/16 v1.2d Enhanced LaTeX Graphics (DPC,SPQR)
 (C:\Users\Gustavo\AppData\Local\Programs\MiKTeX\tex/latex/graphics\graphics.sty
Package: graphics 2024/08/06 v1.4g Standard LaTeX Graphics (DPC,SPQR)
 (C:\Users\Gustavo\AppData\Local\Programs\MiKTeX\tex/latex/graphics\trig.sty
Package: trig 2023/12/02 v1.11 sin cos tan (DPC)
) (C:\Users\Gustavo\AppData\Local\Programs\MiKTeX\tex/latex/graphics-cfg\graphics.cfg
File: graphics.cfg 2016/06/04 v1.11 sample graphics configuration
)
Package graphics Info: Driver file: pdftex.def on input line 106.
)
\Gin@req@height=\dimen194
\Gin@req@width=\dimen195
) (C:\Users\Gustavo\AppData\Local\Programs\MiKTeX\tex/latex/caption\subcaption.sty
Package: subcaption 2023/07/28 v1.6b Sub-captions (AR)
 (C:\Users\Gustavo\AppData\Local\Programs\MiKTeX\tex/latex/caption\caption.sty
Package: caption 2023/08/05 v3.6o Customizing captions (AR)
 (C:\Users\Gustavo\AppData\Local\Programs\MiKTeX\tex/latex/caption\caption3.sty
Package: caption3 2023/07/31 v2.4d caption3 kernel (AR)
\caption@tempdima=\dimen196
\captionmargin=\dimen197
\caption@leftmargin=\dimen198
\caption@rightmargin=\dimen199
\caption@width=\dimen256
\caption@indent=\dimen257
\caption@parindent=\dimen258
\caption@hangindent=\dimen259
Package caption Info: memoir document class detected.
 (C:\Users\Gustavo\AppData\Local\Programs\MiKTeX\tex/latex/caption\caption-memoir.sto
File: caption-memoir.sto 2023/09/08 v2.2c Adaption of the caption package to the memoir document class (AR)
))
\c@caption@flags=\count350
\c@continuedfloat=\count351
Package caption Info: changepage package is loaded.
\caption@adjustwidth@hsize=\dimen260
\caption@adjustwidth@linewidth=\dimen261
Package caption Info: hyperref package is loaded.
)
Package caption Info: New subtype `subfigure' on input line 238.
\c@subfigure=\count352
Package caption Info: New subtype `subtable' on input line 238.
\c@subtable=\count353
) (C:\Users\Gustavo\AppData\Local\Programs\MiKTeX\tex/latex/microtype\microtype.sty
Package: microtype 2024/03/29 v3.1b Micro-typographical refinements (RS)
\MT@toks=\toks28
\MT@tempbox=\box59
\MT@count=\count354
LaTeX Info: Redefining \noprotrusionifhmode on input line 1061.
LaTeX Info: Redefining \leftprotrusion on input line 1062.
\MT@prot@toks=\toks29
LaTeX Info: Redefining \rightprotrusion on input line 1081.
LaTeX Info: Redefining \textls on input line 1392.
\MT@outer@kern=\dimen262
LaTeX Info: Redefining \textmicrotypecontext on input line 2013.
\MT@listname@count=\count355
 (C:\Users\Gustavo\AppData\Local\Programs\MiKTeX\tex/latex/microtype\microtype-pdftex.def
File: microtype-pdftex.def 2024/03/29 v3.1b Definitions specific to pdftex (RS)
LaTeX Info: Redefining \lsstyle on input line 902.
LaTeX Info: Redefining \lslig on input line 902.
\MT@outer@space=\skip258
)
Package microtype Info: Loading configuration file microtype.cfg.
 (C:\Users\Gustavo\AppData\Local\Programs\MiKTeX\tex/latex/microtype\microtype.cfg
File: microtype.cfg 2024/03/29 v3.1b microtype main configuration file (RS)
)) (C:\Users\Gustavo\AppData\Local\Programs\MiKTeX\tex/latex/amsmath\amsmath.sty
Package: amsmath 2024/10/30 v2.17s AMS math features
\@mathmargin=\skip259

For additional information on amsmath, use the `?' option.
(C:\Users\Gustavo\AppData\Local\Programs\MiKTeX\tex/latex/amsmath\amstext.sty
Package: amstext 2021/08/26 v2.01 AMS text
 (C:\Users\Gustavo\AppData\Local\Programs\MiKTeX\tex/latex/amsmath\amsgen.sty
File: amsgen.sty 1999/11/30 v2.0 generic functions
\@emptytoks=\toks30
\ex@=\dimen263
)) (C:\Users\Gustavo\AppData\Local\Programs\MiKTeX\tex/latex/amsmath\amsbsy.sty
Package: amsbsy 1999/11/29 v1.2d Bold Symbols
\pmbraise@=\dimen264
) (C:\Users\Gustavo\AppData\Local\Programs\MiKTeX\tex/latex/amsmath\amsopn.sty
Package: amsopn 2022/04/08 v2.04 operator names
)
\inf@bad=\count356
LaTeX Info: Redefining \frac on input line 233.
\uproot@=\count357
\leftroot@=\count358
LaTeX Info: Redefining \overline on input line 398.
LaTeX Info: Redefining \colon on input line 409.
\classnum@=\count359
\DOTSCASE@=\count360
LaTeX Info: Redefining \ldots on input line 502.
LaTeX Info: Redefining \dots on input line 505.
LaTeX Info: Redefining \cdots on input line 638.
\Mathstrutbox@=\box60
\strutbox@=\box61
LaTeX Info: Redefining \big on input line 740.
LaTeX Info: Redefining \Big on input line 741.
LaTeX Info: Redefining \bigg on input line 742.
LaTeX Info: Redefining \Bigg on input line 743.
\big@size=\dimen265
LaTeX Font Info:    Redeclaring font encoding OML on input line 761.
LaTeX Font Info:    Redeclaring font encoding OMS on input line 762.
\macc@depth=\count361
LaTeX Info: Redefining \bmod on input line 923.
LaTeX Info: Redefining \pmod on input line 928.
LaTeX Info: Redefining \smash on input line 958.
LaTeX Info: Redefining \relbar on input line 988.
LaTeX Info: Redefining \Relbar on input line 989.
\c@MaxMatrixCols=\count362
\dotsspace@=\muskip18
\c@parentequation=\count363
\dspbrk@lvl=\count364
\tag@help=\toks31
\row@=\count365
\column@=\count366
\maxfields@=\count367
\andhelp@=\toks32
\eqnshift@=\dimen266
\alignsep@=\dimen267
\tagshift@=\dimen268
\tagwidth@=\dimen269
\totwidth@=\dimen270
\lineht@=\dimen271
\@envbody=\toks33
\multlinegap=\skip260
\multlinetaggap=\skip261
\mathdisplay@stack=\toks34
LaTeX Info: Redefining \[ on input line 2972.
LaTeX Info: Redefining \] on input line 2973.
) (C:\Users\Gustavo\AppData\Local\Programs\MiKTeX\tex/latex/amsfonts\amssymb.sty
Package: amssymb 2013/01/14 v3.01 AMS font symbols
 (C:\Users\Gustavo\AppData\Local\Programs\MiKTeX\tex/latex/amsfonts\amsfonts.sty
Package: amsfonts 2013/01/14 v3.01 Basic AMSFonts support
\symAMSa=\mathgroup4
\symAMSb=\mathgroup5
LaTeX Font Info:    Redeclaring math symbol \hbar on input line 98.
LaTeX Font Info:    Overwriting math alphabet `\mathfrak' in version `bold'
(Font)                  U/euf/m/n --> U/euf/b/n on input line 106.
)) (C:\Users\Gustavo\AppData\Local\Programs\MiKTeX\tex/latex/epstopdf-pkg\epstopdf.sty
Package: epstopdf 2020-01-24 v2.11 Conversion with epstopdf on the fly (HO)
 (C:\Users\Gustavo\AppData\Local\Programs\MiKTeX\tex/latex/grfext\grfext.sty
Package: grfext 2019/12/03 v1.3 Manage graphics extensions (HO)
) (C:\Users\Gustavo\AppData\Local\Programs\MiKTeX\tex/latex/epstopdf-pkg\epstopdf-base.sty
Package: epstopdf-base 2020-01-24 v2.11 Base part for package epstopdf
Package epstopdf-base Info: Redefining graphics rule for `.eps' on input line 485.
Package grfext Info: Graphics extension search list:
(grfext)             [.pdf,.png,.jpg,.mps,.jpeg,.jbig2,.jb2,.PDF,.PNG,.JPG,.JPEG,.JBIG2,.JB2,.eps]
(grfext)             \AppendGraphicsExtensions on input line 504.
 (C:\Users\Gustavo\AppData\Local\Programs\MiKTeX\tex/latex/00miktex\epstopdf-sys.cfg
File: epstopdf-sys.cfg 2021/03/18 v2.0 Configuration of epstopdf for MiKTeX
))) (C:\Users\Gustavo\AppData\Local\Programs\MiKTeX\tex/latex/amscls\amsthm.sty
Package: amsthm 2020/05/29 v2.20.6
\thm@style=\toks35
\thm@bodyfont=\toks36
\thm@headfont=\toks37
\thm@notefont=\toks38
\thm@headpunct=\toks39
\thm@preskip=\skip262
\thm@postskip=\skip263
\thm@headsep=\skip264
\dth@everypar=\toks40
) (C:\Users\Gustavo\AppData\Local\Programs\MiKTeX\tex/latex/lipsum\lipsum.sty (C:\Users\Gustavo\AppData\Local\Programs\MiKTeX\tex/latex/l3packages/l3keys2e\l3keys2e.sty
Package: l3keys2e 2024-08-16 LaTeX2e option processing using LaTeX3 keys
)
Package: lipsum 2021-09-20 v2.7 150 paragraphs of Lorem Ipsum dummy text
\g__lipsum_par_int=\count368
\l__lipsum_a_int=\count369
\l__lipsum_b_int=\count370
 (C:\Users\Gustavo\AppData\Local\Programs\MiKTeX\tex/latex/lipsum\lipsum.ltd.tex)) (C:\Users\Gustavo\AppData\Local\Programs\MiKTeX\tex/latex/colortbl\colortbl.sty
Package: colortbl 2024/07/06 v1.0i Color table columns (DPC)
\everycr=\toks41
\minrowclearance=\skip265
\rownum=\count371
) (C:\Users\Gustavo\AppData\Local\Programs\MiKTeX\tex/latex/xcolor\xcolor.sty
Package: xcolor 2024/09/29 v3.02 LaTeX color extensions (UK)
 (C:\Users\Gustavo\AppData\Local\Programs\MiKTeX\tex/latex/graphics-cfg\color.cfg
File: color.cfg 2016/01/02 v1.6 sample color configuration
)
Package xcolor Info: Driver file: pdftex.def on input line 274.
LaTeX Info: Redefining \color on input line 762.
 (C:\Users\Gustavo\AppData\Local\Programs\MiKTeX\tex/latex/graphics\mathcolor.ltx)
Package xcolor Info: Model `cmy' substituted by `cmy0' on input line 1349.
Package xcolor Info: Model `hsb' substituted by `rgb' on input line 1353.
Package xcolor Info: Model `RGB' extended on input line 1365.
Package xcolor Info: Model `HTML' substituted by `rgb' on input line 1367.
Package xcolor Info: Model `Hsb' substituted by `hsb' on input line 1368.
Package xcolor Info: Model `tHsb' substituted by `hsb' on input line 1369.
Package xcolor Info: Model `HSB' substituted by `hsb' on input line 1370.
Package xcolor Info: Model `Gray' substituted by `gray' on input line 1371.
Package xcolor Info: Model `wave' substituted by `hsb' on input line 1372.
) (C:\Users\Gustavo\AppData\Local\Programs\MiKTeX\tex/latex/gensymb\gensymb.sty
Package: gensymb 2022/10/17 v1.0.2 (KJH)
) (C:\Users\Gustavo\AppData\Local\Programs\MiKTeX\tex/latex/cancel\cancel.sty
Package: cancel 2013/04/12 v2.2 Cancel math terms
) (C:\Users\Gustavo\AppData\Local\Programs\MiKTeX\tex/latex/ulem\ulem.sty
\UL@box=\box62
\UL@hyphenbox=\box63
\UL@skip=\skip266
\UL@hook=\toks42
\UL@height=\dimen272
\UL@pe=\count372
\UL@pixel=\dimen273
\ULC@box=\box64
Package: ulem 2019/11/18
\ULdepth=\dimen274
) (C:\Users\Gustavo\AppData\Local\Programs\MiKTeX\tex/latex/tools\longtable.sty
Package: longtable 2024-10-27 v4.22 Multi-page Table package (DPC)
\LTleft=\skip267
\LTright=\skip268
\LTpre=\skip269
\LTpost=\skip270
\LTchunksize=\count373
\LTcapwidth=\dimen275
\LT@head=\box65
\LT@firsthead=\box66
\LT@foot=\box67
\LT@lastfoot=\box68
\LT@gbox=\box69
\LT@cols=\count374
\LT@rows=\count375
\c@LT@tables=\count376
\c@LT@chunks=\count377
\LT@p@ftn=\toks43
) (C:\Users\Gustavo\AppData\Local\Programs\MiKTeX\tex/latex/siunitx\siunitx.sty
Package: siunitx 2024-09-30 v3.3.22 A comprehensive (SI) units package
\l__siunitx_number_uncert_offset_int=\count378
\l__siunitx_number_exponent_fixed_int=\count379
\l__siunitx_number_min_decimal_int=\count380
\l__siunitx_number_min_integer_int=\count381
\l__siunitx_number_round_precision_int=\count382
\l__siunitx_number_lower_threshold_int=\count383
\l__siunitx_number_upper_threshold_int=\count384
\l__siunitx_number_group_first_int=\count385
\l__siunitx_number_group_size_int=\count386
\l__siunitx_number_group_minimum_int=\count387
\l__siunitx_angle_tmp_dim=\dimen276
\l__siunitx_angle_marker_box=\box70
\l__siunitx_angle_unit_box=\box71
\l__siunitx_compound_count_int=\count388
 (C:\Users\Gustavo\AppData\Local\Programs\MiKTeX\tex/latex/translations\translations.sty
Package: translations 2022/02/05 v1.12 internationalization of LaTeX2e packages (CN)
)
\l__siunitx_table_tmp_box=\box72
\l__siunitx_table_tmp_dim=\dimen277
\l__siunitx_table_column_width_dim=\dimen278
\l__siunitx_table_integer_box=\box73
\l__siunitx_table_decimal_box=\box74
\l__siunitx_table_uncert_box=\box75
\l__siunitx_table_before_box=\box76
\l__siunitx_table_after_box=\box77
\l__siunitx_table_before_dim=\dimen279
\l__siunitx_table_carry_dim=\dimen280
\l__siunitx_unit_tmp_int=\count389
\l__siunitx_unit_position_int=\count390
\l__siunitx_unit_total_int=\count391
) (C:\Users\Gustavo\AppData\Local\Programs\MiKTeX\tex/latex/lastpage\lastpage.sty
Package: lastpage 2024/07/07 v2.1c lastpage: 2.09 or 2e? (HMM)
 (C:\Users\Gustavo\AppData\Local\Programs\MiKTeX\tex/latex/lastpage\lastpage2e.sty
Package: lastpage2e 2024/07/07 v2.1c Decide which 2e lastpage version to use (HMM)
 (C:\Users\Gustavo\AppData\Local\Programs\MiKTeX\tex/latex/lastpage\lastpagemodern.sty
Package: lastpagemodern 2024-07-07 v2.1c Refers to last page's name (HMM; JPG)
\c@lastpagecount=\count392
) 
)) (C:\Users\Gustavo\AppData\Local\Programs\MiKTeX\tex/latex/hyperref\backref.sty
Package: backref 2023-11-26 v1.44 Bibliographical back referencing
) (C:\Users\Gustavo\AppData\Local\Programs\MiKTeX\tex/latex/abntex2\abntex2cite.sty
Package: abntex2cite 2018/11/24 v-1.9.7 abnTeX2
 (C:\Users\Gustavo\AppData\Local\Programs\MiKTeX\tex/latex/abntex2\abntex2abrev.sty)
\minimumbiblabelwidth=\skip271
\ABCIauxlen=\skip272
\c@ABCIaux=\count393
\c@ABCImax=\count394
 (C:\Users\Gustavo\AppData\Local\Programs\MiKTeX\tex/generic/iftex\ifpdf.sty
Package: ifpdf 2019/10/25 v3.4 ifpdf legacy package. Use iftex instead.
) (C:\Users\Gustavo\AppData\Local\Programs\MiKTeX\tex/generic/iftex\ifxetex.sty
Package: ifxetex 2019/10/25 v0.7 ifxetex legacy package. Use iftex instead.
) (C:\Users\Gustavo\AppData\Local\Programs\MiKTeX\tex/latex/relsize\relsize.sty
Package: relsize 2013/03/29 ver 4.1
)
\biblabelsep=\skip273
LaTeX Info: Redefining \newblock on input line 591.
LaTeX Info: Redefining \cite on input line 618.
\ABCItoken=\toks44
) (C:\Users\Gustavo\AppData\Local\Programs\MiKTeX\tex/latex/quoting\quoting.sty
Package: quoting 2014/01/28 v0.1c Consolidated environment for displayed text
\quo@toppartop=\skip274
) (C:\Users\Gustavo\AppData\Local\Programs\MiKTeX\tex/latex/adjustbox\adjustbox.sty
Package: adjustbox 2022/10/17 v1.3a Adjusting TeX boxes (trim, clip, ...)
 (C:\Users\Gustavo\AppData\Local\Programs\MiKTeX\tex/latex/xkeyval\xkeyval.sty
Package: xkeyval 2022/06/16 v2.9 package option processing (HA)
 (C:\Users\Gustavo\AppData\Local\Programs\MiKTeX\tex/generic/xkeyval\xkeyval.tex (C:\Users\Gustavo\AppData\Local\Programs\MiKTeX\tex/generic/xkeyval\xkvutils.tex
\XKV@toks=\toks45
\XKV@tempa@toks=\toks46
)
\XKV@depth=\count395
File: xkeyval.tex 2014/12/03 v2.7a key=value parser (HA)
)) (C:\Users\Gustavo\AppData\Local\Programs\MiKTeX\tex/latex/adjustbox\adjcalc.sty
Package: adjcalc 2012/05/16 v1.1 Provides advanced setlength with multiple back-ends (calc, etex, pgfmath)
) (C:\Users\Gustavo\AppData\Local\Programs\MiKTeX\tex/latex/adjustbox\trimclip.sty
Package: trimclip 2020/08/19 v1.2 Trim and clip general TeX material
 (C:\Users\Gustavo\AppData\Local\Programs\MiKTeX\tex/latex/collectbox\collectbox.sty
Package: collectbox 2022/10/17 v0.4c Collect macro arguments as boxes
\collectedbox=\box78
)
\tc@llx=\dimen281
\tc@lly=\dimen282
\tc@urx=\dimen283
\tc@ury=\dimen284
Package trimclip Info: Using driver 'tc-pdftex.def'.
 (C:\Users\Gustavo\AppData\Local\Programs\MiKTeX\tex/latex/adjustbox\tc-pdftex.def
File: tc-pdftex.def 2019/01/04 v2.2 Clipping driver for pdftex
))
\adjbox@Width=\dimen285
\adjbox@Height=\dimen286
\adjbox@Depth=\dimen287
\adjbox@Totalheight=\dimen288
\adjbox@pwidth=\dimen289
\adjbox@pheight=\dimen290
\adjbox@pdepth=\dimen291
\adjbox@ptotalheight=\dimen292
 (C:\Users\Gustavo\AppData\Local\Programs\MiKTeX\tex/latex/ifoddpage\ifoddpage.sty
Package: ifoddpage 2022/10/18 v1.2 Conditionals for odd/even page detection
\c@checkoddpage=\count396
LaTeX Info: Redefining \checkoddpage on input line 45.
) (C:\Users\Gustavo\AppData\Local\Programs\MiKTeX\tex/latex/varwidth\varwidth.sty
Package: varwidth 2009/03/30 ver 0.92;  Variable-width minipages
\@vwid@box=\box79
\sift@deathcycles=\count397
\@vwid@loff=\dimen293
\@vwid@roff=\dimen294
)) (C:\Users\Gustavo\AppData\Local\Programs\MiKTeX\tex/latex/pgfplots\pgfplots.sty (C:\Users\Gustavo\AppData\Local\Programs\MiKTeX\tex/generic/pgfplots\pgfplots.revision.tex)
Package: pgfplots 2021/05/15 v1.18.1 Data Visualization (1.18.1)
 (C:\Users\Gustavo\AppData\Local\Programs\MiKTeX\tex/latex/pgf/frontendlayer\tikz.sty (C:\Users\Gustavo\AppData\Local\Programs\MiKTeX\tex/latex/pgf/basiclayer\pgf.sty (C:\Users\Gustavo\AppData\Local\Programs\MiKTeX\tex/latex/pgf/utilities\pgfrcs.sty (C:\Users\Gustavo\AppData\Local\Programs\MiKTeX\tex/generic/pgf/utilities\pgfutil-common.tex
\pgfutil@everybye=\toks47
\pgfutil@tempdima=\dimen295
\pgfutil@tempdimb=\dimen296
) (C:\Users\Gustavo\AppData\Local\Programs\MiKTeX\tex/generic/pgf/utilities\pgfutil-latex.def
\pgfutil@abb=\box80
) (C:\Users\Gustavo\AppData\Local\Programs\MiKTeX\tex/generic/pgf/utilities\pgfrcs.code.tex (C:\Users\Gustavo\AppData\Local\Programs\MiKTeX\tex/generic/pgf\pgf.revision.tex)
Package: pgfrcs 2023-01-15 v3.1.10 (3.1.10)
))
Package: pgf 2023-01-15 v3.1.10 (3.1.10)
 (C:\Users\Gustavo\AppData\Local\Programs\MiKTeX\tex/latex/pgf/basiclayer\pgfcore.sty (C:\Users\Gustavo\AppData\Local\Programs\MiKTeX\tex/latex/pgf/systemlayer\pgfsys.sty (C:\Users\Gustavo\AppData\Local\Programs\MiKTeX\tex/generic/pgf/systemlayer\pgfsys.code.tex
Package: pgfsys 2023-01-15 v3.1.10 (3.1.10)
 (C:\Users\Gustavo\AppData\Local\Programs\MiKTeX\tex/generic/pgf/utilities\pgfkeys.code.tex
\pgfkeys@pathtoks=\toks48
\pgfkeys@temptoks=\toks49
 (C:\Users\Gustavo\AppData\Local\Programs\MiKTeX\tex/generic/pgf/utilities\pgfkeyslibraryfiltered.code.tex
\pgfkeys@tmptoks=\toks50
))
\pgf@x=\dimen297
\pgf@y=\dimen298
\pgf@xa=\dimen299
\pgf@ya=\dimen300
\pgf@xb=\dimen301
\pgf@yb=\dimen302
\pgf@xc=\dimen303
\pgf@yc=\dimen304
\pgf@xd=\dimen305
\pgf@yd=\dimen306
\w@pgf@writea=\write4
\r@pgf@reada=\read4
\c@pgf@counta=\count398
\c@pgf@countb=\count399
\c@pgf@countc=\count400
\c@pgf@countd=\count401
\t@pgf@toka=\toks51
\t@pgf@tokb=\toks52
\t@pgf@tokc=\toks53
\pgf@sys@id@count=\count402
 (C:\Users\Gustavo\AppData\Local\Programs\MiKTeX\tex/generic/pgf/systemlayer\pgf.cfg
File: pgf.cfg 2023-01-15 v3.1.10 (3.1.10)
)
Driver file for pgf: pgfsys-pdftex.def
 (C:\Users\Gustavo\AppData\Local\Programs\MiKTeX\tex/generic/pgf/systemlayer\pgfsys-pdftex.def
File: pgfsys-pdftex.def 2023-01-15 v3.1.10 (3.1.10)
 (C:\Users\Gustavo\AppData\Local\Programs\MiKTeX\tex/generic/pgf/systemlayer\pgfsys-common-pdf.def
File: pgfsys-common-pdf.def 2023-01-15 v3.1.10 (3.1.10)
))) (C:\Users\Gustavo\AppData\Local\Programs\MiKTeX\tex/generic/pgf/systemlayer\pgfsyssoftpath.code.tex
File: pgfsyssoftpath.code.tex 2023-01-15 v3.1.10 (3.1.10)
\pgfsyssoftpath@smallbuffer@items=\count403
\pgfsyssoftpath@bigbuffer@items=\count404
) (C:\Users\Gustavo\AppData\Local\Programs\MiKTeX\tex/generic/pgf/systemlayer\pgfsysprotocol.code.tex
File: pgfsysprotocol.code.tex 2023-01-15 v3.1.10 (3.1.10)
)) (C:\Users\Gustavo\AppData\Local\Programs\MiKTeX\tex/generic/pgf/basiclayer\pgfcore.code.tex
Package: pgfcore 2023-01-15 v3.1.10 (3.1.10)
 (C:\Users\Gustavo\AppData\Local\Programs\MiKTeX\tex/generic/pgf/math\pgfmath.code.tex (C:\Users\Gustavo\AppData\Local\Programs\MiKTeX\tex/generic/pgf/math\pgfmathutil.code.tex) (C:\Users\Gustavo\AppData\Local\Programs\MiKTeX\tex/generic/pgf/math\pgfmathparser.code.tex
\pgfmath@dimen=\dimen307
\pgfmath@count=\count405
\pgfmath@box=\box81
\pgfmath@toks=\toks54
\pgfmath@stack@operand=\toks55
\pgfmath@stack@operation=\toks56
) (C:\Users\Gustavo\AppData\Local\Programs\MiKTeX\tex/generic/pgf/math\pgfmathfunctions.code.tex) (C:\Users\Gustavo\AppData\Local\Programs\MiKTeX\tex/generic/pgf/math\pgfmathfunctions.basic.code.tex) (C:\Users\Gustavo\AppData\Local\Programs\MiKTeX\tex/generic/pgf/math\pgfmathfunctions.trigonometric.code.tex) (C:\Users\Gustavo\AppData\Local\Programs\MiKTeX\tex/generic/pgf/math\pgfmathfunctions.random.code.tex) (C:\Users\Gustavo\AppData\Local\Programs\MiKTeX\tex/generic/pgf/math\pgfmathfunctions.comparison.code.tex) (C:\Users\Gustavo\AppData\Local\Programs\MiKTeX\tex/generic/pgf/math\pgfmathfunctions.base.code.tex) (C:\Users\Gustavo\AppData\Local\Programs\MiKTeX\tex/generic/pgf/math\pgfmathfunctions.round.code.tex) (C:\Users\Gustavo\AppData\Local\Programs\MiKTeX\tex/generic/pgf/math\pgfmathfunctions.misc.code.tex) (C:\Users\Gustavo\AppData\Local\Programs\MiKTeX\tex/generic/pgf/math\pgfmathfunctions.integerarithmetics.code.tex) (C:\Users\Gustavo\AppData\Local\Programs\MiKTeX\tex/generic/pgf/math\pgfmathcalc.code.tex) (C:\Users\Gustavo\AppData\Local\Programs\MiKTeX\tex/generic/pgf/math\pgfmathfloat.code.tex
\c@pgfmathroundto@lastzeros=\count406
)) (C:\Users\Gustavo\AppData\Local\Programs\MiKTeX\tex/generic/pgf/math\pgfint.code.tex) (C:\Users\Gustavo\AppData\Local\Programs\MiKTeX\tex/generic/pgf/basiclayer\pgfcorepoints.code.tex
File: pgfcorepoints.code.tex 2023-01-15 v3.1.10 (3.1.10)
\pgf@picminx=\dimen308
\pgf@picmaxx=\dimen309
\pgf@picminy=\dimen310
\pgf@picmaxy=\dimen311
\pgf@pathminx=\dimen312
\pgf@pathmaxx=\dimen313
\pgf@pathminy=\dimen314
\pgf@pathmaxy=\dimen315
\pgf@xx=\dimen316
\pgf@xy=\dimen317
\pgf@yx=\dimen318
\pgf@yy=\dimen319
\pgf@zx=\dimen320
\pgf@zy=\dimen321
) (C:\Users\Gustavo\AppData\Local\Programs\MiKTeX\tex/generic/pgf/basiclayer\pgfcorepathconstruct.code.tex
File: pgfcorepathconstruct.code.tex 2023-01-15 v3.1.10 (3.1.10)
\pgf@path@lastx=\dimen322
\pgf@path@lasty=\dimen323
) (C:\Users\Gustavo\AppData\Local\Programs\MiKTeX\tex/generic/pgf/basiclayer\pgfcorepathusage.code.tex
File: pgfcorepathusage.code.tex 2023-01-15 v3.1.10 (3.1.10)
\pgf@shorten@end@additional=\dimen324
\pgf@shorten@start@additional=\dimen325
) (C:\Users\Gustavo\AppData\Local\Programs\MiKTeX\tex/generic/pgf/basiclayer\pgfcorescopes.code.tex
File: pgfcorescopes.code.tex 2023-01-15 v3.1.10 (3.1.10)
\pgfpic=\box82
\pgf@hbox=\box83
\pgf@layerbox@main=\box84
\pgf@picture@serial@count=\count407
) (C:\Users\Gustavo\AppData\Local\Programs\MiKTeX\tex/generic/pgf/basiclayer\pgfcoregraphicstate.code.tex
File: pgfcoregraphicstate.code.tex 2023-01-15 v3.1.10 (3.1.10)
\pgflinewidth=\dimen326
) (C:\Users\Gustavo\AppData\Local\Programs\MiKTeX\tex/generic/pgf/basiclayer\pgfcoretransformations.code.tex
File: pgfcoretransformations.code.tex 2023-01-15 v3.1.10 (3.1.10)
\pgf@pt@x=\dimen327
\pgf@pt@y=\dimen328
\pgf@pt@temp=\dimen329
) (C:\Users\Gustavo\AppData\Local\Programs\MiKTeX\tex/generic/pgf/basiclayer\pgfcorequick.code.tex
File: pgfcorequick.code.tex 2023-01-15 v3.1.10 (3.1.10)
) (C:\Users\Gustavo\AppData\Local\Programs\MiKTeX\tex/generic/pgf/basiclayer\pgfcoreobjects.code.tex
File: pgfcoreobjects.code.tex 2023-01-15 v3.1.10 (3.1.10)
) (C:\Users\Gustavo\AppData\Local\Programs\MiKTeX\tex/generic/pgf/basiclayer\pgfcorepathprocessing.code.tex
File: pgfcorepathprocessing.code.tex 2023-01-15 v3.1.10 (3.1.10)
) (C:\Users\Gustavo\AppData\Local\Programs\MiKTeX\tex/generic/pgf/basiclayer\pgfcorearrows.code.tex
File: pgfcorearrows.code.tex 2023-01-15 v3.1.10 (3.1.10)
\pgfarrowsep=\dimen330
) (C:\Users\Gustavo\AppData\Local\Programs\MiKTeX\tex/generic/pgf/basiclayer\pgfcoreshade.code.tex
File: pgfcoreshade.code.tex 2023-01-15 v3.1.10 (3.1.10)
\pgf@max=\dimen331
\pgf@sys@shading@range@num=\count408
\pgf@shadingcount=\count409
) (C:\Users\Gustavo\AppData\Local\Programs\MiKTeX\tex/generic/pgf/basiclayer\pgfcoreimage.code.tex
File: pgfcoreimage.code.tex 2023-01-15 v3.1.10 (3.1.10)
) (C:\Users\Gustavo\AppData\Local\Programs\MiKTeX\tex/generic/pgf/basiclayer\pgfcoreexternal.code.tex
File: pgfcoreexternal.code.tex 2023-01-15 v3.1.10 (3.1.10)
\pgfexternal@startupbox=\box85
) (C:\Users\Gustavo\AppData\Local\Programs\MiKTeX\tex/generic/pgf/basiclayer\pgfcorelayers.code.tex
File: pgfcorelayers.code.tex 2023-01-15 v3.1.10 (3.1.10)
) (C:\Users\Gustavo\AppData\Local\Programs\MiKTeX\tex/generic/pgf/basiclayer\pgfcoretransparency.code.tex
File: pgfcoretransparency.code.tex 2023-01-15 v3.1.10 (3.1.10)
) (C:\Users\Gustavo\AppData\Local\Programs\MiKTeX\tex/generic/pgf/basiclayer\pgfcorepatterns.code.tex
File: pgfcorepatterns.code.tex 2023-01-15 v3.1.10 (3.1.10)
) (C:\Users\Gustavo\AppData\Local\Programs\MiKTeX\tex/generic/pgf/basiclayer\pgfcorerdf.code.tex
File: pgfcorerdf.code.tex 2023-01-15 v3.1.10 (3.1.10)
))) (C:\Users\Gustavo\AppData\Local\Programs\MiKTeX\tex/generic/pgf/modules\pgfmoduleshapes.code.tex
File: pgfmoduleshapes.code.tex 2023-01-15 v3.1.10 (3.1.10)
\pgfnodeparttextbox=\box86
) (C:\Users\Gustavo\AppData\Local\Programs\MiKTeX\tex/generic/pgf/modules\pgfmoduleplot.code.tex
File: pgfmoduleplot.code.tex 2023-01-15 v3.1.10 (3.1.10)
) (C:\Users\Gustavo\AppData\Local\Programs\MiKTeX\tex/latex/pgf/compatibility\pgfcomp-version-0-65.sty
Package: pgfcomp-version-0-65 2023-01-15 v3.1.10 (3.1.10)
\pgf@nodesepstart=\dimen332
\pgf@nodesepend=\dimen333
) (C:\Users\Gustavo\AppData\Local\Programs\MiKTeX\tex/latex/pgf/compatibility\pgfcomp-version-1-18.sty
Package: pgfcomp-version-1-18 2023-01-15 v3.1.10 (3.1.10)
)) (C:\Users\Gustavo\AppData\Local\Programs\MiKTeX\tex/latex/pgf/utilities\pgffor.sty (C:\Users\Gustavo\AppData\Local\Programs\MiKTeX\tex/latex/pgf/utilities\pgfkeys.sty (C:\Users\Gustavo\AppData\Local\Programs\MiKTeX\tex/generic/pgf/utilities\pgfkeys.code.tex)) (C:\Users\Gustavo\AppData\Local\Programs\MiKTeX\tex/latex/pgf/math\pgfmath.sty (C:\Users\Gustavo\AppData\Local\Programs\MiKTeX\tex/generic/pgf/math\pgfmath.code.tex)) (C:\Users\Gustavo\AppData\Local\Programs\MiKTeX\tex/generic/pgf/utilities\pgffor.code.tex
Package: pgffor 2023-01-15 v3.1.10 (3.1.10)
\pgffor@iter=\dimen334
\pgffor@skip=\dimen335
\pgffor@stack=\toks57
\pgffor@toks=\toks58
)) (C:\Users\Gustavo\AppData\Local\Programs\MiKTeX\tex/generic/pgf/frontendlayer/tikz\tikz.code.tex
Package: tikz 2023-01-15 v3.1.10 (3.1.10)
 (C:\Users\Gustavo\AppData\Local\Programs\MiKTeX\tex/generic/pgf/libraries\pgflibraryplothandlers.code.tex
File: pgflibraryplothandlers.code.tex 2023-01-15 v3.1.10 (3.1.10)
\pgf@plot@mark@count=\count410
\pgfplotmarksize=\dimen336
)
\tikz@lastx=\dimen337
\tikz@lasty=\dimen338
\tikz@lastxsaved=\dimen339
\tikz@lastysaved=\dimen340
\tikz@lastmovetox=\dimen341
\tikz@lastmovetoy=\dimen342
\tikzleveldistance=\dimen343
\tikzsiblingdistance=\dimen344
\tikz@figbox=\box87
\tikz@figbox@bg=\box88
\tikz@tempbox=\box89
\tikz@tempbox@bg=\box90
\tikztreelevel=\count411
\tikznumberofchildren=\count412
\tikznumberofcurrentchild=\count413
\tikz@fig@count=\count414
 (C:\Users\Gustavo\AppData\Local\Programs\MiKTeX\tex/generic/pgf/modules\pgfmodulematrix.code.tex
File: pgfmodulematrix.code.tex 2023-01-15 v3.1.10 (3.1.10)
\pgfmatrixcurrentrow=\count415
\pgfmatrixcurrentcolumn=\count416
\pgf@matrix@numberofcolumns=\count417
)
\tikz@expandcount=\count418
 (C:\Users\Gustavo\AppData\Local\Programs\MiKTeX\tex/generic/pgf/frontendlayer/tikz/libraries\tikzlibrarytopaths.code.tex
File: tikzlibrarytopaths.code.tex 2023-01-15 v3.1.10 (3.1.10)
))) (C:\Users\Gustavo\AppData\Local\Programs\MiKTeX\tex/generic/pgfplots\pgfplots.code.tex (C:\Users\Gustavo\AppData\Local\Programs\MiKTeX\tex/generic/pgfplots\pgfplotscore.code.tex
\t@pgfplots@toka=\toks59
\t@pgfplots@tokb=\toks60
\t@pgfplots@tokc=\toks61
\pgfplots@tmpa=\dimen345
\c@pgfplots@coordindex=\count419
\c@pgfplots@scanlineindex=\count420
 (C:\Users\Gustavo\AppData\Local\Programs\MiKTeX\tex/generic/pgfplots/sys\pgfplotssysgeneric.code.tex)) (C:\Users\Gustavo\AppData\Local\Programs\MiKTeX\tex/generic/pgfplots/libs\pgfplotslibrary.code.tex) (C:\Users\Gustavo\AppData\Local\Programs\MiKTeX\tex/generic/pgfplots/oldpgfcompatib\pgfplotsoldpgfsupp_loader.code.tex (C:\Users\Gustavo\AppData\Local\Programs\MiKTeX\tex/generic/pgf/libraries\pgflibraryfpu.code.tex)
Package pgfplots: loading complementary utilities for your pgf version...
\t@pgf@toka=\toks62
\t@pgf@tokb=\toks63
\t@pgf@tokc=\toks64
(C:\Users\Gustavo\AppData\Local\Programs\MiKTeX\tex/generic/pgfplots/oldpgfcompatib\pgfplotsoldpgfsupp_pgfutil-common-lists.tex)) (C:\Users\Gustavo\AppData\Local\Programs\MiKTeX\tex/generic/pgfplots/util\pgfplotsutil.code.tex (C:\Users\Gustavo\AppData\Local\Programs\MiKTeX\tex/generic/pgfplots/liststructure\pgfplotsliststructure.code.tex) (C:\Users\Gustavo\AppData\Local\Programs\MiKTeX\tex/generic/pgfplots/liststructure\pgfplotsliststructureext.code.tex) (C:\Users\Gustavo\AppData\Local\Programs\MiKTeX\tex/generic/pgfplots/liststructure\pgfplotsarray.code.tex
\c@pgfplotsarray@tmp=\count421
) (C:\Users\Gustavo\AppData\Local\Programs\MiKTeX\tex/generic/pgfplots/liststructure\pgfplotsmatrix.code.tex) (C:\Users\Gustavo\AppData\Local\Programs\MiKTeX\tex/generic/pgfplots/numtable\pgfplotstableshared.code.tex
\c@pgfplotstable@counta=\count422
\t@pgfplotstable@a=\toks65
) (C:\Users\Gustavo\AppData\Local\Programs\MiKTeX\tex/generic/pgfplots/liststructure\pgfplotsdeque.code.tex) (C:\Users\Gustavo\AppData\Local\Programs\MiKTeX\tex/generic/pgfplots/util\pgfplotsbinary.code.tex (C:\Users\Gustavo\AppData\Local\Programs\MiKTeX\tex/generic/pgfplots/util\pgfplotsbinary.data.code.tex)) (C:\Users\Gustavo\AppData\Local\Programs\MiKTeX\tex/generic/pgfplots/util\pgfplotsutil.verb.code.tex) (C:\Users\Gustavo\AppData\Local\Programs\MiKTeX\tex/generic/pgfplots/libs\pgflibrarypgfplots.surfshading.code.tex
\c@pgfplotslibrarysurf@no=\count423
 (C:\Users\Gustavo\AppData\Local\Programs\MiKTeX\tex/generic/pgfplots/sys\pgflibrarypgfplots.surfshading.pgfsys-pdftex.def))) (C:\Users\Gustavo\AppData\Local\Programs\MiKTeX\tex/generic/pgfplots/util\pgfplotscolormap.code.tex (C:\Users\Gustavo\AppData\Local\Programs\MiKTeX\tex/generic/pgfplots/util\pgfplotscolor.code.tex)) (C:\Users\Gustavo\AppData\Local\Programs\MiKTeX\tex/generic/pgfplots\pgfplotsstackedplots.code.tex) (C:\Users\Gustavo\AppData\Local\Programs\MiKTeX\tex/generic/pgfplots\pgfplotsplothandlers.code.tex (C:\Users\Gustavo\AppData\Local\Programs\MiKTeX\tex/generic/pgfplots\pgfplotsmeshplothandler.code.tex (C:\Users\Gustavo\AppData\Local\Programs\MiKTeX\tex/generic/pgfplots\pgfplotsmeshplotimage.code.tex))) (C:\Users\Gustavo\AppData\Local\Programs\MiKTeX\tex/generic/pgfplots\pgfplots.scaling.code.tex) (C:\Users\Gustavo\AppData\Local\Programs\MiKTeX\tex/generic/pgfplots\pgfplotscoordprocessing.code.tex) (C:\Users\Gustavo\AppData\Local\Programs\MiKTeX\tex/generic/pgfplots\pgfplots.errorbars.code.tex) (C:\Users\Gustavo\AppData\Local\Programs\MiKTeX\tex/generic/pgfplots\pgfplots.markers.code.tex) (C:\Users\Gustavo\AppData\Local\Programs\MiKTeX\tex/generic/pgfplots\pgfplotsticks.code.tex) (C:\Users\Gustavo\AppData\Local\Programs\MiKTeX\tex/generic/pgfplots\pgfplots.paths.code.tex) (C:\Users\Gustavo\AppData\Local\Programs\MiKTeX\tex/generic/pgf/frontendlayer/tikz/libraries\tikzlibrarydecorations.code.tex (C:\Users\Gustavo\AppData\Local\Programs\MiKTeX\tex/generic/pgf/modules\pgfmoduledecorations.code.tex
\pgfdecoratedcompleteddistance=\dimen346
\pgfdecoratedremainingdistance=\dimen347
\pgfdecoratedinputsegmentcompleteddistance=\dimen348
\pgfdecoratedinputsegmentremainingdistance=\dimen349
\pgf@decorate@distancetomove=\dimen350
\pgf@decorate@repeatstate=\count424
\pgfdecorationsegmentamplitude=\dimen351
\pgfdecorationsegmentlength=\dimen352
)
\tikz@lib@dec@box=\box91
) (C:\Users\Gustavo\AppData\Local\Programs\MiKTeX\tex/generic/pgf/frontendlayer/tikz/libraries\tikzlibrarydecorations.pathmorphing.code.tex (C:\Users\Gustavo\AppData\Local\Programs\MiKTeX\tex/generic/pgf/libraries/decorations\pgflibrarydecorations.pathmorphing.code.tex)) (C:\Users\Gustavo\AppData\Local\Programs\MiKTeX\tex/generic/pgf/frontendlayer/tikz/libraries\tikzlibrarydecorations.pathreplacing.code.tex (C:\Users\Gustavo\AppData\Local\Programs\MiKTeX\tex/generic/pgf/libraries/decorations\pgflibrarydecorations.pathreplacing.code.tex)) (C:\Users\Gustavo\AppData\Local\Programs\MiKTeX\tex/generic/pgfplots/libs\tikzlibrarypgfplots.contourlua.code.tex)
\pgfplots@numplots=\count425
\pgfplots@xmin@reg=\dimen353
\pgfplots@xmax@reg=\dimen354
\pgfplots@ymin@reg=\dimen355
\pgfplots@ymax@reg=\dimen356
\pgfplots@zmin@reg=\dimen357
\pgfplots@zmax@reg=\dimen358
) (C:\Users\Gustavo\AppData\Local\Programs\MiKTeX\tex/generic/pgf/frontendlayer/tikz/libraries\tikzlibraryplotmarks.code.tex
File: tikzlibraryplotmarks.code.tex 2023-01-15 v3.1.10 (3.1.10)
 (C:\Users\Gustavo\AppData\Local\Programs\MiKTeX\tex/generic/pgf/libraries\pgflibraryplotmarks.code.tex
File: pgflibraryplotmarks.code.tex 2023-01-15 v3.1.10 (3.1.10)
))) (C:\Users\Gustavo\AppData\Local\Programs\MiKTeX\tex/latex/pdfpages\pdfpages.sty
Package: pdfpages 2024/10/28 v0.6c Insert pages of external PDF documents (AM)
 (C:\Users\Gustavo\AppData\Local\Programs\MiKTeX\tex/latex/eso-pic\eso-pic.sty
Package: eso-pic 2023/05/03 v3.0c eso-pic (RN)
\ESO@tempdima=\dimen359
\ESO@tempdimb=\dimen360
)
\AM@pagewidth=\dimen361
\AM@pageheight=\dimen362
\AM@fboxrule=\dimen363
 (C:\Users\Gustavo\AppData\Local\Programs\MiKTeX\tex/latex/pdfpages\pppdftex.def
File: pppdftex.def 2024/10/28 v0.6c Pdfpages driver for pdfTeX (AM)
)
\pdfpages@includegraphics@status=\count426
\AM@pagebox=\box92
\AM@global@opts=\toks66
\AM@pagecnt=\count427
\AM@toc@title=\toks67
\AM@lof@heading=\toks68
\c@AM@survey=\count428
\AM@templatesizebox=\box93
) (C:\Users\Gustavo\AppData\Local\Programs\MiKTeX\tex/latex/anyfontsize\anyfontsize.sty
Package: anyfontsize 2007/11/22 anyfontsize.sty by pts
) (C:\Users\Gustavo\AppData\Local\Programs\MiKTeX\tex/generic/pgfplots/libs\tikzlibrarypgfplots.statistics.code.tex) (C:\Users\Gustavo\AppData\Local\Programs\MiKTeX\tex/generic/pgfplots/libs\tikzlibrarypgfplots.fillbetween.code.tex (C:\Users\Gustavo\AppData\Local\Programs\MiKTeX\tex/generic/pgfplots/pgfcontrib\tikzlibraryfillbetween.code.tex (C:\Users\Gustavo\AppData\Local\Programs\MiKTeX\tex/generic/pgf/frontendlayer/tikz/libraries\tikzlibraryintersections.code.tex (C:\Users\Gustavo\AppData\Local\Programs\MiKTeX\tex/generic/pgf/libraries\pgflibraryintersections.code.tex
\pgf@intersect@solutions=\count429
)) (C:\Users\Gustavo\AppData\Local\Programs\MiKTeX\tex/generic/pgfplots/pgfcontrib\tikzlibrarydecorations.softclip.code.tex (C:\Users\Gustavo\AppData\Local\Programs\MiKTeX\tex/generic/pgfplots/pgfcontrib\pgflibraryfillbetween.code.tex))) (C:\Users\Gustavo\AppData\Local\Programs\MiKTeX\tex/generic/pgfplots/libs\tikzlibrarypgfplots.decorations.softclip.code.tex)) (C:\Users\Gustavo\AppData\Local\Programs\MiKTeX\tex/generic/pgf/frontendlayer/tikz/libraries\tikzlibrarydecorations.markings.code.tex (C:\Users\Gustavo\AppData\Local\Programs\MiKTeX\tex/generic/pgf/libraries/decorations\pgflibrarydecorations.markings.code.tex))
\c@axiomas1=\count430
\c@teo1=\count431
\c@lema1=\count432
\c@defi1=\count433
\c@ex1=\count434
\c@prop1=\count435
Package hyperref Info: Option `colorlinks' set `true' on input line 210.
\main@idxfile=\write5
\openout5 = `main.idx'.


Writing index file main.idx 
(main.aux)
\openout1 = `main.aux'.

LaTeX Font Info:    Checking defaults for OML/cmm/m/it on input line 253.
LaTeX Font Info:    ... okay on input line 253.
LaTeX Font Info:    Checking defaults for OMS/cmsy/m/n on input line 253.
LaTeX Font Info:    ... okay on input line 253.
LaTeX Font Info:    Checking defaults for OT1/cmr/m/n on input line 253.
LaTeX Font Info:    ... okay on input line 253.
LaTeX Font Info:    Checking defaults for T1/cmr/m/n on input line 253.
LaTeX Font Info:    ... okay on input line 253.
LaTeX Font Info:    Checking defaults for TS1/cmr/m/n on input line 253.
LaTeX Font Info:    ... okay on input line 253.
LaTeX Font Info:    Checking defaults for OMX/cmex/m/n on input line 253.
LaTeX Font Info:    ... okay on input line 253.
LaTeX Font Info:    Checking defaults for U/cmr/m/n on input line 253.
LaTeX Font Info:    ... okay on input line 253.
LaTeX Font Info:    Checking defaults for PD1/pdf/m/n on input line 253.
LaTeX Font Info:    ... okay on input line 253.
LaTeX Font Info:    Checking defaults for PU/pdf/m/n on input line 253.
LaTeX Font Info:    ... okay on input line 253.
Package hyperref Info: Link coloring ON on input line 253.
\myptabbox=\box94
\myptabboxwidth=\skip275
 (C:\Users\Gustavo\AppData\Local\Programs\MiKTeX\tex/context/base/mkii\supp-pdf.mkii
[Loading MPS to PDF converter (version 2006.09.02).]
\scratchcounter=\count436
\scratchdimen=\dimen364
\scratchbox=\box95
\nofMPsegments=\count437
\nofMParguments=\count438
\everyMPshowfont=\toks69
\MPscratchCnt=\count439
\MPscratchDim=\dimen365
\MPnumerator=\count440
\makeMPintoPDFobject=\count441
\everyMPtoPDFconversion=\toks70
)
Package caption Info: Begin \AtBeginDocument code.
Package caption Info: longtable package is loaded.
 (C:\Users\Gustavo\AppData\Local\Programs\MiKTeX\tex/latex/caption\ltcaption.sty
Package: ltcaption 2021/01/08 v1.4c longtable captions (AR)
)
Package caption Info: End \AtBeginDocument code.
LaTeX Info: Redefining \microtypecontext on input line 253.
Package microtype Info: Applying patch `item' on input line 253.
Package microtype Info: Applying patch `toc' on input line 253.
Package microtype Info: Applying patch `eqnum' on input line 253.
Package microtype Info: Applying patch `footnote' on input line 253.
Package microtype Info: Applying patch `verbatim' on input line 253.
Package microtype Info: Generating PDF output.
Package microtype Info: Character protrusion enabled (level 2).
Package microtype Info: Using default protrusion set `alltext'.
Package microtype Info: Automatic font expansion enabled (level 2),
(microtype)             stretch: 20, shrink: 20, step: 1, non-selected.
Package microtype Info: Using default expansion set `alltext-nott'.
LaTeX Info: Redefining \showhyphens on input line 253.
Package microtype Info: No adjustment of tracking.
Package microtype Info: No adjustment of interword spacing.
Package microtype Info: No adjustment of character kerning.
 (C:\Users\Gustavo\AppData\Local\Programs\MiKTeX\tex/latex/microtype\mt-ptm.cfg
File: mt-ptm.cfg 2006/04/20 v1.7 microtype config. file: Times (RS)
)
LaTeX Info: Redefining \celsius on input line 253.
Package gensymb Info: Faking symbols for \degree and \celsius on input line 253.


Package gensymb Warning: Not defining \perthousand.

LaTeX Info: Redefining \ohm on input line 253.
Package gensymb Info: Using \Omega for \ohm on input line 253.

Package gensymb Warning: Not defining \micro.

(C:\Users\Gustavo\AppData\Local\Programs\MiKTeX\tex/latex/translations/dicts\translations-basic-dictionary-english.trsl
File: translations-basic-dictionary-english.trsl (english translation file `translations-basic-dictionary')
)
Package translations Info: loading dictionary `translations-basic-dictionary' for `english'. on input line 253.
 (C:\Users\Gustavo\AppData\Local\Programs\MiKTeX\tex/latex/translations/dicts\translations-basic-dictionary-brazil.trsl
File: translations-basic-dictionary-brazil.trsl (brazil translation file `translations-basic-dictionary')
)
Package translations Info: loading dictionary `translations-basic-dictionary' for `brazil'. on input line 253.

Package pgfplots notification 'compat/show suggested version=true': document has been generated with the most recent feature set (\pgfplotsset{compat=1.18}).

(C:\Users\Gustavo\AppData\Local\Programs\MiKTeX\tex/latex/pdflscape\pdflscape.sty
Package: pdflscape 2022-10-27 v0.13 Display of landscape pages in PDF
 (C:\Users\Gustavo\AppData\Local\Programs\MiKTeX\tex/latex/pdflscape\pdflscape-nometadata.sty
Package: pdflscape-nometadata 2022-10-28 v0.13 Display of landscape pages in PDF (HO)
 (C:\Users\Gustavo\AppData\Local\Programs\MiKTeX\tex/latex/graphics\lscape.sty
Package: lscape 2020/05/28 v3.02 Landscape Pages (DPC)
)
Package pdflscape Info: Auto-detected driver: pdftex on input line 81.
)) (C:\Users\Gustavo\AppData\Local\Programs\MiKTeX\tex/latex/microtype\mt-cmr.cfg
File: mt-cmr.cfg 2013/05/19 v2.2 microtype config. file: Computer Modern Roman (RS)
)
LaTeX Font Info:    Trying to load font information for U+msa on input line 368.
 (C:\Users\Gustavo\AppData\Local\Programs\MiKTeX\tex/latex/amsfonts\umsa.fd
File: umsa.fd 2013/01/14 v3.01 AMS symbols A
) (C:\Users\Gustavo\AppData\Local\Programs\MiKTeX\tex/latex/microtype\mt-msa.cfg
File: mt-msa.cfg 2006/02/04 v1.1 microtype config. file: AMS symbols (a) (RS)
)
LaTeX Font Info:    Trying to load font information for U+msb on input line 368.
 (C:\Users\Gustavo\AppData\Local\Programs\MiKTeX\tex/latex/amsfonts\umsb.fd
File: umsb.fd 2013/01/14 v3.01 AMS symbols B
) (C:\Users\Gustavo\AppData\Local\Programs\MiKTeX\tex/latex/microtype\mt-msb.cfg
File: mt-msb.cfg 2005/06/01 v1.0 microtype config. file: AMS symbols (b) (RS)
)
LaTeX Font Info:    Trying to load font information for T1+phv on input line 383.
 (C:\Users\Gustavo\AppData\Local\Programs\MiKTeX\tex/latex/psnfss\t1phv.fd
File: t1phv.fd 2020/03/25 scalable font definitions for T1/phv.
)
Package microtype Info: Loading generic protrusion settings for font family
(microtype)             `phv' (encoding: T1).
(microtype)             For optimal results, create family-specific settings.
(microtype)             See the microtype manual for details.


[1

{C:/Users/Gustavo/AppData/Local/MiKTeX/fonts/map/pdftex/pdftex.map}{C:/Users/Gustavo/AppData/Local/Programs/MiKTeX/fonts/enc/dvips/base/8r.enc}] (texto.tex

[2


]

[3]

[4]

pdfTeX warning: pdflatex (file ./figuras/desenho_proposta.pdf): PDF inclusion: found PDF version <1.7>, but at most version <1.5> allowed
<figuras/desenho_proposta.pdf, id=57, 794.97pt x 170.77344pt>
File: figuras/desenho_proposta.pdf Graphic file (type pdf)
<use figuras/desenho_proposta.pdf>
Package pdftex.def Info: figuras/desenho_proposta.pdf  used on input line 85.
(pdftex.def)             Requested size: 455.0pt x 97.74315pt.


[5]

[6 <./figuras/desenho_proposta.pdf>]

[7]

[8

] (figuras/micro gabarito.tex
Missing character: There is no . in font nullfont!
Missing character: There is no 0 in font nullfont!
Missing character: There is no 1 in font nullfont!
Missing character: There is no p in font nullfont!
Missing character: There is no t in font nullfont!
)
Overfull \hbox (29.1017pt too wide) in paragraph at lines 29--133
[][]
 []


Underfull \hbox (badness 10000) in paragraph at lines 29--133

 []



[9]

[10]
<figuras/indicadores.pdf, id=184, 650.43pt x 216.81pt>
File: figuras/indicadores.pdf Graphic file (type pdf)
<use figuras/indicadores.pdf>
Package pdftex.def Info: figuras/indicadores.pdf  used on input line 168.
(pdftex.def)             Requested size: 455.0pt x 151.67001pt.


[11

 <./figuras/indicadores.pdf>]
<figuras/mapa-densidade.pdf, id=201, 505.89pt x 867.24pt>
File: figuras/mapa-densidade.pdf Graphic file (type pdf)
<use figuras/mapa-densidade.pdf>
Package pdftex.def Info: figuras/mapa-densidade.pdf  used on input line 187.
(pdftex.def)             Requested size: 432.24861pt x 741.0083pt.


LaTeX Warning: Float too large for page by 54.75829pt on input line 189.


LaTeX Warning: `!h' float specifier changed to `!ht'.



[12]

[13 <./figuras/mapa-densidade.pdf>] (tabelas/dados.tex
Overfull \hbox (2.49722pt too wide) in paragraph at lines 6--18
 [][] 
 []

)

[14

]

pdfTeX warning: pdflatex (file ./figuras/area_setor.pdf): PDF inclusion: found PDF version <1.7>, but at most version <1.5> allowed
<figuras/area_setor.pdf, id=242, 722.7pt x 361.35pt>
File: figuras/area_setor.pdf Graphic file (type pdf)
<use figuras/area_setor.pdf>
Package pdftex.def Info: figuras/area_setor.pdf  used on input line 212.
(pdftex.def)             Requested size: 455.0pt x 227.50284pt.


[15 <./figuras/area_setor.pdf>]

[16

] (tabelas/regressao-1.tex
Underfull \hbox (badness 10000) in paragraph at lines 25--26

 []

)

[17]
LaTeX Font Info:    Font shape `T1/phv/m/it' in size <14.4> not available
(Font)              Font shape `T1/phv/m/sl' tried instead on input line 252.

Overfull \hbox (0.13985pt too wide) in paragraph at lines 255--256
[]\T1/ptm/m/n/12 (-20) In the \T1/ptm/m/it/12 (-20) ma-chine learn-ing \T1/ptm/m/n/12 (-20) ap-proach, a \T1/ptm/m/it/12 (-20) ran-dom for-est \T1/ptm/m/n/12 (-20) model was built ([][]WRIGHT; ZIEGLER[][],
 []



[18]

pdfTeX warning: pdflatex (file ./figuras/previsoes.pdf): PDF inclusion: found PDF version <1.7>, but at most version <1.5> allowed
<figuras/previsoes.pdf, id=410, 650.43pt x 307.1475pt>
File: figuras/previsoes.pdf Graphic file (type pdf)
<use figuras/previsoes.pdf>
Package pdftex.def Info: figuras/previsoes.pdf  used on input line 267.
(pdftex.def)             Requested size: 455.0pt x 214.86586pt.


[19 <./figuras/previsoes.pdf>]

[20]
<figuras/mapa-lotes-metro.pdf, id=439, 722.7pt x 578.16pt>
File: figuras/mapa-lotes-metro.pdf Graphic file (type pdf)
<use figuras/mapa-lotes-metro.pdf>
Package pdftex.def Info: figuras/mapa-lotes-metro.pdf  used on input line 290.
(pdftex.def)             Requested size: 409.49722pt x 327.59613pt.


[21

 <./figuras/mapa-lotes-metro.pdf>]
<figuras/IPTU-delta-lotes.pdf, id=465, 578.16pt x 252.945pt>
File: figuras/IPTU-delta-lotes.pdf Graphic file (type pdf)
<use figuras/IPTU-delta-lotes.pdf>
Package pdftex.def Info: figuras/IPTU-delta-lotes.pdf  used on input line 301.
(pdftex.def)             Requested size: 364.00139pt x 159.24812pt.
<figuras/IPTU-delta-unidades.pdf, id=466, 578.16pt x 252.945pt>
File: figuras/IPTU-delta-unidades.pdf Graphic file (type pdf)
<use figuras/IPTU-delta-unidades.pdf>
Package pdftex.def Info: figuras/IPTU-delta-unidades.pdf  used on input line 305.
(pdftex.def)             Requested size: 364.00139pt x 159.24812pt.
 (tabelas/did-IPTU.tex
Underfull \hbox (badness 10000) in paragraph at lines 20--21

 []


LaTeX Warning: `h' float specifier changed to `ht'.

)
<figuras/event-study.pdf, id=470, 505.89pt x 397.485pt>
File: figuras/event-study.pdf Graphic file (type pdf)
<use figuras/event-study.pdf>
Package pdftex.def Info: figuras/event-study.pdf  used on input line 320.
(pdftex.def)             Requested size: 409.49722pt x 321.75487pt.


LaTeX Warning: `h' float specifier changed to `ht'.



[22 <./figuras/IPTU-delta-lotes.pdf> <./figuras/IPTU-delta-unidades.pdf>]

[23 <./figuras/event-study.pdf>]
<figuras/rdd-plot-IPTU.pdf, id=509, 794.97pt x 216.81pt>
File: figuras/rdd-plot-IPTU.pdf Graphic file (type pdf)
<use figuras/rdd-plot-IPTU.pdf>
Package pdftex.def Info: figuras/rdd-plot-IPTU.pdf  used on input line 334.
(pdftex.def)             Requested size: 450.4525pt x 122.85516pt.
<figuras/rdd-plot-IPTU-posPDE.pdf, id=510, 794.97pt x 216.81pt>
File: figuras/rdd-plot-IPTU-posPDE.pdf Graphic file (type pdf)
<use figuras/rdd-plot-IPTU-posPDE.pdf>
Package pdftex.def Info: figuras/rdd-plot-IPTU-posPDE.pdf  used on input line 338.
(pdftex.def)             Requested size: 450.4525pt x 122.85516pt.
 (tabelas/rdd-IPTU.tex
Underfull \hbox (badness 10000) in paragraph at lines 19--20

 []


LaTeX Warning: `h' float specifier changed to `ht'.

) (tabelas/rdd-IPTU-placebo.tex
Underfull \hbox (badness 10000) in paragraph at lines 19--20

 []


LaTeX Warning: `h' float specifier changed to `ht'.

)

[24 <./figuras/rdd-plot-IPTU.pdf> <./figuras/rdd-plot-IPTU-posPDE.pdf>]

[25]
<figuras/rdd-balanceamento-censo.pdf, id=551, 505.89pt x 289.08pt>
File: figuras/rdd-balanceamento-censo.pdf Graphic file (type pdf)
<use figuras/rdd-balanceamento-censo.pdf>
Package pdftex.def Info: figuras/rdd-balanceamento-censo.pdf  used on input line 369.
(pdftex.def)             Requested size: 341.25pt x 195.00148pt.


[26

 <./figuras/rdd-balanceamento-censo.pdf>] (tabelas/censo-descritiva-fronteira.tex) (tabelas/censo-descritiva.tex) (tabelas/did-censo.tex
Underfull \hbox (badness 10000) in paragraph at lines 23--24

 []



[27])

[28]

[29

]

[30]) (main.bbl (main.brf)
\tf@brf=\write6
\openout6 = `main.brf'.



[31]
bibitemlist
LaTeX Font Info:    Trying to load font information for TS1+ptm on input line 93.
(C:\Users\Gustavo\AppData\Local\Programs\MiKTeX\tex/latex/psnfss\ts1ptm.fd
File: ts1ptm.fd 2001/06/04 font definitions for TS1/ptm.
)

[32

]) (appendix.tex

[33]

Package hyperref Warning: Token not allowed in a PDF string (Unicode):
(hyperref)                removing `\uppercase' on input line 5.



[34


]

pdfTeX warning: pdflatex (file ./figuras/desenho.pdf): PDF inclusion: found PDF version <1.7>, but at most version <1.5> allowed
<figuras/desenho.pdf, id=634, 963.6pt x 542.025pt>
File: figuras/desenho.pdf Graphic file (type pdf)
<use figuras/desenho.pdf>
Package pdftex.def Info: figuras/desenho.pdf  used on input line 14.
(pdftex.def)             Requested size: 455.0pt x 255.93448pt.


[35

 <./figuras/desenho.pdf>]
<figuras/ca_vs_verticalizacao.pdf, id=675, 542.025pt x 361.35pt>
File: figuras/ca_vs_verticalizacao.pdf Graphic file (type pdf)
<use figuras/ca_vs_verticalizacao.pdf>
Package pdftex.def Info: figuras/ca_vs_verticalizacao.pdf  used on input line 28.
(pdftex.def)             Requested size: 455.0pt x 303.34447pt.


[36 <./figuras/ca_vs_verticalizacao.pdf>]
<figuras/corte_lote.pdf, id=689, 413.545pt x 345.29pt>
File: figuras/corte_lote.pdf Graphic file (type pdf)
<use figuras/corte_lote.pdf>
Package pdftex.def Info: figuras/corte_lote.pdf  used on input line 40.
(pdftex.def)             Requested size: 341.25pt x 284.93097pt.


[37

 <./figuras/corte_lote.pdf>]
<figuras/rasters.pdf, id=707, 578.16pt x 867.24pt>
File: figuras/rasters.pdf Graphic file (type pdf)
<use figuras/rasters.pdf>
Package pdftex.def Info: figuras/rasters.pdf  used on input line 53.
(pdftex.def)             Requested size: 341.25pt x 511.86568pt.


[38 <./figuras/rasters.pdf>]

[39

]
<figuras/balanco_raster.pdf, id=729, 1156.32pt x 1445.4pt>
File: figuras/balanco_raster.pdf Graphic file (type pdf)
<use figuras/balanco_raster.pdf>
Package pdftex.def Info: figuras/balanco_raster.pdf  used on input line 81.
(pdftex.def)             Requested size: 364.00139pt x 454.99464pt.
 (tabelas/top5.tex
LaTeX Font Info:    Calculating math sizes for size <9.8> on input line 5.

Overfull \hbox (2.30394pt too wide) in alignment at lines 5--21
[] [] [] [] [] [] 
 []


LaTeX Warning: `h' float specifier changed to `ht'.

)

[40 <./figuras/balanco_raster.pdf>]

[41]

pdfTeX warning: pdflatex (file ./figuras/bairros.pdf): PDF inclusion: found PDF version <1.7>, but at most version <1.5> allowed
<figuras/bairros.pdf, id=749, 650.43pt x 505.89pt>
File: figuras/bairros.pdf Graphic file (type pdf)
<use figuras/bairros.pdf>
Package pdftex.def Info: figuras/bairros.pdf  used on input line 95.
(pdftex.def)             Requested size: 455.0pt x 353.89671pt.


[42

 <./figuras/bairros.pdf>]

pdfTeX warning: pdflatex (file ./figuras/bairros-mapa.pdf): PDF inclusion: found PDF version <1.7>, but at most version <1.5> allowed
<figuras/bairros-mapa.pdf, id=767, 578.16pt x 505.89pt>
File: figuras/bairros-mapa.pdf Graphic file (type pdf)
<use figuras/bairros-mapa.pdf>
Package pdftex.def Info: figuras/bairros-mapa.pdf  used on input line 107.
(pdftex.def)             Requested size: 455.0pt x 398.1203pt.


pdfTeX warning: pdflatex (file ./figuras/bairros-mapa-cotaparte.pdf): PDF inclusion: found PDF version <1.7>, but at most version <1.5> allowed
<figuras/bairros-mapa-cotaparte.pdf, id=768, 578.16pt x 505.89pt>
File: figuras/bairros-mapa-cotaparte.pdf Graphic file (type pdf)
<use figuras/bairros-mapa-cotaparte.pdf>
Package pdftex.def Info: figuras/bairros-mapa-cotaparte.pdf  used on input line 114.
(pdftex.def)             Requested size: 455.0pt x 398.1203pt.

LaTeX Warning: `!h' float specifier changed to `!ht'.



[43 <./figuras/bairros-mapa.pdf>]

[44 <./figuras/bairros-mapa-cotaparte.pdf>]
<figuras/robustez-regressao1pop.pdf, id=795, 722.7pt x 505.89pt>
File: figuras/robustez-regressao1pop.pdf Graphic file (type pdf)
<use figuras/robustez-regressao1pop.pdf>
Package pdftex.def Info: figuras/robustez-regressao1pop.pdf  used on input line 128.
(pdftex.def)             Requested size: 455.0pt x 318.50395pt.
<figuras/did-IPTU-bandas.pdf, id=796, 578.16pt x 289.08pt>
File: figuras/did-IPTU-bandas.pdf Graphic file (type pdf)
<use figuras/did-IPTU-bandas.pdf>
Package pdftex.def Info: figuras/did-IPTU-bandas.pdf  used on input line 136.
(pdftex.def)             Requested size: 455.0pt x 227.49731pt.


LaTeX Warning: `!h' float specifier changed to `!ht'.

<figuras/did-censo-bandas.pdf, id=799, 578.16pt x 289.08pt>
File: figuras/did-censo-bandas.pdf Graphic file (type pdf)
<use figuras/did-censo-bandas.pdf>
Package pdftex.def Info: figuras/did-censo-bandas.pdf  used on input line 143.
(pdftex.def)             Requested size: 455.0pt x 227.49731pt.

LaTeX Warning: `!h' float specifier changed to `!ht'.



[45

 <./figuras/robustez-regressao1pop.pdf>]

[46 <./figuras/did-IPTU-bandas.pdf> <./figuras/did-censo-bandas.pdf>]

[47

]
<figuras/indicadores_tempo.pdf, id=836, 397.485pt x 433.62pt>
File: figuras/indicadores_tempo.pdf Graphic file (type pdf)
<use figuras/indicadores_tempo.pdf>
Package pdftex.def Info: figuras/indicadores_tempo.pdf  used on input line 169.
(pdftex.def)             Requested size: 341.25pt x 372.28398pt.


[48

 <./figuras/indicadores_tempo.pdf>]
<figuras/tree_area_construida.pdf, id=847, 487.8225pt x 361.35pt>
File: figuras/tree_area_construida.pdf Graphic file (type pdf)
<use figuras/tree_area_construida.pdf>
Package pdftex.def Info: figuras/tree_area_construida.pdf  used on input line 181.
(pdftex.def)             Requested size: 364.00139pt x 269.63339pt.
<figuras/macroareas-eixos.pdf, id=851, 722.7pt x 1084.05pt>
File: figuras/macroareas-eixos.pdf Graphic file (type pdf)
<use figuras/macroareas-eixos.pdf>
Package pdftex.def Info: figuras/macroareas-eixos.pdf  used on input line 195.
(pdftex.def)             Requested size: 386.75278pt x 580.13472pt.


LaTeX Warning: `!h' float specifier changed to `!ht'.



[49

 <./figuras/tree_area_construida.pdf>]

[50 <./figuras/macroareas-eixos.pdf>]
<figuras/populacao-distribuicao-raster.pdf, id=883, 505.89pt x 289.08pt>
File: figuras/populacao-distribuicao-raster.pdf Graphic file (type pdf)
<use figuras/populacao-distribuicao-raster.pdf>
Package pdftex.def Info: figuras/populacao-distribuicao-raster.pdf  used on input line 204.
(pdftex.def)             Requested size: 386.75278pt x 221.00432pt.
)

[51

 <./figuras/populacao-distribuicao-raster.pdf>] 
enddocument/afterlastpage: lastpage setting LastPage.
(main.aux)
 ***********
LaTeX2e <2024-11-01>
L3 programming layer <2020/03/25>
 ***********
Package rerunfilecheck Info: File `main.brf' has not changed.
(rerunfilecheck)             Checksum: 79F8219BFFC68B0761B21333D5378334;1475.
 ) 
Here is how much of TeX's memory you used:
 49991 strings out of 473701
 1148446 string characters out of 5718465
 1742674 words of memory out of 5000000
 71654 multiletter control sequences out of 15000+600000
 638407 words of font info for 366 fonts, out of 8000000 for 9000
 1141 hyphenation exceptions out of 8191
 99i,13n,107p,1505b,2439s stack positions out of 10000i,1000n,20000p,200000b,200000s
<C:/Users/Gustavo/AppData/Local/Programs/MiKTeX/fonts/type1/public/amsfonts/cm/cmex10.pfb><C:/Users/Gustavo/AppData/Local/Programs/MiKTeX/fonts/type1/public/amsfonts/cm/cmmi10.pfb><C:/Users/Gustavo/AppData/Local/Programs/MiKTeX/fonts/type1/public/amsfonts/cm/cmmi12.pfb><C:/Users/Gustavo/AppData/Local/Programs/MiKTeX/fonts/type1/public/amsfonts/cm/cmmi8.pfb><C:/Users/Gustavo/AppData/Local/Programs/MiKTeX/fonts/type1/public/amsfonts/cm/cmr10.pfb><C:/Users/Gustavo/AppData/Local/Programs/MiKTeX/fonts/type1/public/amsfonts/cm/cmr12.pfb><C:/Users/Gustavo/AppData/Local/Programs/MiKTeX/fonts/type1/public/amsfonts/cm/cmr7.pfb><C:/Users/Gustavo/AppData/Local/Programs/MiKTeX/fonts/type1/public/amsfonts/cm/cmr8.pfb><C:/Users/Gustavo/AppData/Local/Programs/MiKTeX/fonts/type1/public/amsfonts/cm/cmsy10.pfb><C:/Users/Gustavo/AppData/Local/Programs/MiKTeX/fonts/type1/urw/helvetic/uhvr8a.pfb><C:/Users/Gustavo/AppData/Local/Programs/MiKTeX/fonts/type1/urw/helvetic/uhvro8a.pfb><C:/Users/Gustavo/AppData/Local/Programs/MiKTeX/fonts/type1/urw/times/utmb8a.pfb><C:/Users/Gustavo/AppData/Local/Programs/MiKTeX/fonts/type1/urw/times/utmr8a.pfb><C:/Users/Gustavo/AppData/Local/Programs/MiKTeX/fonts/type1/urw/times/utmri8a.pfb>
Output written on main.pdf (51 pages, 12388751 bytes).
PDF statistics:
 1103 PDF objects out of 1200 (max. 8388607)
 179 named destinations out of 1000 (max. 500000)
 79804 words of extra memory for PDF output out of 89155 (max. 10000000)

